#
# There is insufficient memory for the Java Runtime Environment to continue.
# Native memory allocation (malloc) failed to allocate 1672176 bytes for Chunk::new
# Possible reasons:
#   The system is out of physical RAM or swap space
#   The process is running with CompressedOops enabled, and the Java Heap may be blocking the growth of the native heap
# Possible solutions:
#   Reduce memory load on the system
#   Increase physical memory or swap space
#   Check if swap backing store is full
#   Decrease Java heap size (-Xmx/-Xms)
#   Decrease number of Java threads
#   Decrease Java thread stack sizes (-Xss)
#   Set larger code cache with -XX:ReservedCodeCacheSize=
#   JVM is running with Unscaled Compressed Oops mode in which the Java heap is
#     placed in the first 4GB address space. The Java Heap base address is the
#     maximum limit for the native heap growth. Please use -XX:HeapBaseMinAddress
#     to set the Java Heap base and to place the Java Heap above 4GB virtual address.
# This output file may be truncated or incomplete.
#
#  Out of Memory Error (arena.cpp:189), pid=7612, tid=4092
#
# JRE version: OpenJDK Runtime Environment Zulu17.42+19-CA (17.0.7+7) (build 17.0.7+7-LTS)
# Java VM: OpenJDK 64-Bit Server VM Zulu17.42+19-CA (17.0.7+7-LTS, mixed mode, sharing, tiered, compressed oops, compressed class ptrs, g1 gc, windows-amd64)
# No core dump will be written. Minidumps are not enabled by default on client versions of Windows
#

---------------  S U M M A R Y ------------

Command Line: --add-opens=java.base/java.util=ALL-UNNAMED --add-opens=java.base/java.lang=ALL-UNNAMED --add-opens=java.base/java.lang.invoke=ALL-UNNAMED --add-opens=java.prefs/java.util.prefs=ALL-UNNAMED --add-opens=java.base/java.nio.charset=ALL-UNNAMED --add-opens=java.base/java.net=ALL-UNNAMED --add-opens=java.base/java.util.concurrent.atomic=ALL-UNNAMED -XX:MaxMetaspaceSize=384m -XX:+HeapDumpOnOutOfMemoryError -Xms256m -Xmx512m -Dfile.encoding=x-windows-949 -Duser.country=KR -Duser.language=ko -Duser.variant -javaagent:C:\Users\ThinkAnything\.gradle\wrapper\dists\gradle-8.1.1-bin\9wiye5v2saajue4irfo8ybqfp\gradle-8.1.1\lib\agents\gradle-instrumentation-agent-8.1.1.jar org.gradle.launcher.daemon.bootstrap.GradleDaemon 8.1.1

Host: Intel(R) Core(TM) i3-10100 CPU @ 3.60GHz, 8 cores, 7G,  Windows 10 , 64 bit Build 19041 (10.0.19041.3155)
Time: Sat Aug 12 15:34:24 2023  Windows 10 , 64 bit Build 19041 (10.0.19041.3155) elapsed time: 4332.546595 seconds (0d 1h 12m 12s)

---------------  T H R E A D  ---------------

Current thread (0x0000028627b51800):  JavaThread "C2 CompilerThread0" daemon [_thread_in_native, id=4092, stack(0x000000e84f400000,0x000000e84f500000)]


Current CompileTask:
C2:4332546 19752   !   4       org.gradle.api.internal.artifacts.ivyservice.ivyresolve.ErrorHandlingModuleComponentRepository$ErrorHandlingModuleComponentRepositoryAccess::tryResolveAndMaybeBlacklist (229 bytes)

Stack: [0x000000e84f400000,0x000000e84f500000]
Native frames: (J=compiled Java code, j=interpreted, Vv=VM code, C=native code)
V  [jvm.dll+0x67c77a]
V  [jvm.dll+0x83a0b4]
V  [jvm.dll+0x83b85e]
V  [jvm.dll+0x83bec3]
V  [jvm.dll+0x24a5af]
V  [jvm.dll+0xac24c]
V  [jvm.dll+0xac81c]
V  [jvm.dll+0x369212]
V  [jvm.dll+0x333101]
V  [jvm.dll+0x3325aa]
V  [jvm.dll+0x219b21]
V  [jvm.dll+0x218f41]
V  [jvm.dll+0x1a513d]
V  [jvm.dll+0x22892a]
V  [jvm.dll+0x226a85]
V  [jvm.dll+0x7f01dc]
V  [jvm.dll+0x7ea73a]
V  [jvm.dll+0x67b5c5]
C  [ucrtbase.dll+0x21bb2]
C  [KERNEL32.DLL+0x17614]
C  [ntdll.dll+0x526b1]


---------------  P R O C E S S  ---------------

Threads class SMR info:
_java_thread_list=0x000002862d7dfab0, length=122, elements={
0x000002860cf5d090, 0x0000028627b2ee00, 0x0000028627b30ba0, 0x0000028627b492e0,
0x0000028627b4adc0, 0x0000028627b4d6a0, 0x0000028627b4df70, 0x0000028627b51800,
0x0000028627b5a6e0, 0x0000028627b5d000, 0x0000028627c59080, 0x0000028627cde670,
0x000002862d124cd0, 0x000002862e468960, 0x000002862d73bff0, 0x000002862e473980,
0x000002862e1a3120, 0x000002862e1a21f0, 0x000002862e1a12c0, 0x000002862e1a0390,
0x000002862e1a2c10, 0x000002862e1a3b40, 0x000002862e1a3630, 0x000002862e1a17d0,
0x000002862e19fe80, 0x000002862e1a4f80, 0x000002862e1a63c0, 0x000002862e1a5490,
0x000002862e1a0db0, 0x0000028630241230, 0x0000028630241740, 0x000002862e1a6de0,
0x0000028632a62af0, 0x000002862e46bc20, 0x000002862e46b710, 0x000002862e46a2d0,
0x000002862eff8f00, 0x0000028632a63510, 0x000002862c152f60, 0x000002862e605df0,
0x000002862c151b20, 0x00000286319e3160, 0x000002863187d9f0, 0x000002863187cac0,
0x000002862e46a7e0, 0x000002862e46c130, 0x000002862e468e90, 0x000002862e6049b0,
0x000002862e606810, 0x000002862e6053d0, 0x000002862e46c640, 0x000002862e4698b0,
0x000002862c151610, 0x000002862c152a50, 0x000002862c153e90, 0x000002862c152030,
0x000002862c152540, 0x000002862c150bf0, 0x000002862c151100, 0x000002862c1543a0,
0x00000286319e3670, 0x000002863187cfd0, 0x000002863187df00, 0x000002863187c5b0,
0x000002863187d4e0, 0x000002863187b680, 0x000002863187ac60, 0x000002863187c0a0,
0x000002862e603060, 0x000002863187b170, 0x000002863187bb90, 0x000002863237e6b0,
0x000002863237e1a0, 0x000002863237d780, 0x000002863237b920, 0x000002863237dc90,
0x0000028630c5adf0, 0x0000028630c58060, 0x0000028630c58f90, 0x0000028630c594a0,
0x0000028630c58570, 0x000002862e1a68d0, 0x000002862e1a5eb0, 0x000002862e1a2700,
0x000002862e1a59a0, 0x000002862e19f460, 0x000002862e1a1ce0, 0x000002862e19f970,
0x000002862e469dc0, 0x0000028627f53770, 0x0000028627f52840, 0x0000028627f51910,
0x0000028627f546a0, 0x0000028627f51400, 0x0000028627f52330, 0x0000028627f51e20,
0x0000028627f53260, 0x000002862e46acf0, 0x000002862e1a08a0, 0x000002862e46b200,
0x0000028632a65880, 0x000002862e473e90, 0x0000028627f52d50, 0x0000028627f53c80,
0x0000028627f54190, 0x000002862c153980, 0x0000028632baf900, 0x0000028632bb0320,
0x0000028632baeee0, 0x0000028632bae4c0, 0x0000028632bafe10, 0x0000028632baf3f0,
0x0000028632bad080, 0x0000028632bb0830, 0x0000028632bad590, 0x0000028632bae9d0,
0x0000028632badaa0, 0x0000028632a64950, 0x0000028632a65370, 0x0000028632a63a20,
0x0000028632a65d90, 0x0000028632a64440
}

Java Threads: ( => current thread )
  0x000002860cf5d090 JavaThread "main" [_thread_blocked, id=2320, stack(0x000000e84e700000,0x000000e84e800000)]
  0x0000028627b2ee00 JavaThread "Reference Handler" daemon [_thread_blocked, id=2348, stack(0x000000e84ee00000,0x000000e84ef00000)]
  0x0000028627b30ba0 JavaThread "Finalizer" daemon [_thread_blocked, id=2380, stack(0x000000e84ef00000,0x000000e84f000000)]
  0x0000028627b492e0 JavaThread "Signal Dispatcher" daemon [_thread_blocked, id=2344, stack(0x000000e84f000000,0x000000e84f100000)]
  0x0000028627b4adc0 JavaThread "Attach Listener" daemon [_thread_blocked, id=2376, stack(0x000000e84f100000,0x000000e84f200000)]
  0x0000028627b4d6a0 JavaThread "Service Thread" daemon [_thread_blocked, id=5244, stack(0x000000e84f200000,0x000000e84f300000)]
  0x0000028627b4df70 JavaThread "Monitor Deflation Thread" daemon [_thread_blocked, id=3788, stack(0x000000e84f300000,0x000000e84f400000)]
=>0x0000028627b51800 JavaThread "C2 CompilerThread0" daemon [_thread_in_native, id=4092, stack(0x000000e84f400000,0x000000e84f500000)]
  0x0000028627b5a6e0 JavaThread "C1 CompilerThread0" daemon [_thread_blocked, id=2992, stack(0x000000e84f500000,0x000000e84f600000)]
  0x0000028627b5d000 JavaThread "Sweeper thread" daemon [_thread_blocked, id=2860, stack(0x000000e84f600000,0x000000e84f700000)]
  0x0000028627c59080 JavaThread "Common-Cleaner" daemon [_thread_blocked, id=1896, stack(0x000000e84f700000,0x000000e84f800000)]
  0x0000028627cde670 JavaThread "Notification Thread" daemon [_thread_blocked, id=9896, stack(0x000000e84f800000,0x000000e84f900000)]
  0x000002862d124cd0 JavaThread "Daemon health stats" [_thread_blocked, id=2840, stack(0x000000e850100000,0x000000e850200000)]
  0x000002862e468960 JavaThread "Incoming local TCP Connector on port 1250" [_thread_in_native, id=3884, stack(0x000000e850200000,0x000000e850300000)]
  0x000002862d73bff0 JavaThread "Daemon periodic checks" [_thread_blocked, id=3472, stack(0x000000e850300000,0x000000e850400000)]
  0x000002862e473980 JavaThread "Cache worker for journal cache (C:\Users\ThinkAnything\.gradle\caches\journal-1)" [_thread_blocked, id=3560, stack(0x000000e850b00000,0x000000e850c00000)]
  0x000002862e1a3120 JavaThread "File lock request listener" [_thread_in_native, id=3572, stack(0x000000e850c00000,0x000000e850d00000)]
  0x000002862e1a21f0 JavaThread "Cache worker for file hash cache (C:\Users\ThinkAnything\.gradle\caches\8.1.1\fileHashes)" [_thread_blocked, id=8512, stack(0x000000e850d00000,0x000000e850e00000)]
  0x000002862e1a12c0 JavaThread "File watcher server" daemon [_thread_in_native, id=9720, stack(0x000000e850e00000,0x000000e850f00000)]
  0x000002862e1a0390 JavaThread "File watcher consumer" daemon [_thread_blocked, id=9432, stack(0x000000e850f00000,0x000000e851000000)]
  0x000002862e1a2c10 JavaThread "Cache worker for file content cache (C:\Users\ThinkAnything\.gradle\caches\8.1.1\fileContent)" [_thread_blocked, id=4836, stack(0x000000e851200000,0x000000e851300000)]
  0x000002862e1a3b40 JavaThread "Cache worker for execution history cache (C:\Users\ThinkAnything\.gradle\caches\8.1.1\executionHistory)" [_thread_blocked, id=4016, stack(0x000000e851800000,0x000000e851900000)]
  0x000002862e1a3630 JavaThread "jar transforms" [_thread_blocked, id=5896, stack(0x000000e851900000,0x000000e851a00000)]
  0x000002862e1a17d0 JavaThread "jar transforms Thread 2" [_thread_blocked, id=5892, stack(0x000000e851a00000,0x000000e851b00000)]
  0x000002862e19fe80 JavaThread "jar transforms Thread 3" [_thread_blocked, id=6360, stack(0x000000e851b00000,0x000000e851c00000)]
  0x000002862e1a4f80 JavaThread "jar transforms Thread 4" [_thread_blocked, id=2008, stack(0x000000e851c00000,0x000000e851d00000)]
  0x000002862e1a63c0 JavaThread "jar transforms Thread 5" [_thread_blocked, id=9068, stack(0x000000e851d00000,0x000000e851e00000)]
  0x000002862e1a5490 JavaThread "jar transforms Thread 6" [_thread_blocked, id=10172, stack(0x000000e851e00000,0x000000e851f00000)]
  0x000002862e1a0db0 JavaThread "Cache worker for kotlin-dsl (C:\Users\ThinkAnything\.gradle\caches\8.1.1\kotlin-dsl)" [_thread_blocked, id=1552, stack(0x000000e851f00000,0x000000e852000000)]
  0x0000028630241230 JavaThread "jar transforms Thread 7" [_thread_blocked, id=4536, stack(0x000000e852100000,0x000000e852200000)]
  0x0000028630241740 JavaThread "jar transforms Thread 8" [_thread_blocked, id=3008, stack(0x000000e852200000,0x000000e852300000)]
  0x000002862e1a6de0 JavaThread "Memory manager" [_thread_blocked, id=6984, stack(0x000000e852500000,0x000000e852600000)]
  0x0000028632a62af0 JavaThread "RMI Scheduler(0)" daemon [_thread_blocked, id=7376, stack(0x000000e855600000,0x000000e855700000)]
  0x000002862e46bc20 JavaThread "RMI GC Daemon" daemon [_thread_blocked, id=6444, stack(0x000000e857200000,0x000000e857300000)]
  0x000002862e46b710 JavaThread "RMI TCP Accept-0" daemon [_thread_in_native, id=7984, stack(0x000000e857300000,0x000000e857400000)]
  0x000002862e46a2d0 JavaThread "RMI Reaper" [_thread_blocked, id=948, stack(0x000000e857400000,0x000000e857500000)]
  0x000002862eff8f00 JavaThread "Daemon Thread 12" [_thread_blocked, id=10228, stack(0x000000e84e400000,0x000000e84e500000)]
  0x0000028632a63510 JavaThread "Daemon worker Thread 8" [_thread_blocked, id=3344, stack(0x000000e84fa00000,0x000000e84fb00000)]
  0x000002862c152f60 JavaThread "included builds" [_thread_blocked, id=3772, stack(0x000000e852800000,0x000000e852900000)]
  0x000002862e605df0 JavaThread "RMI TCP Connection(26)-127.0.0.1" daemon [_thread_in_native, id=1016, stack(0x000000e856800000,0x000000e856900000)]
  0x000002862c151b20 JavaThread "RMI TCP Connection(27)-127.0.0.1" daemon [_thread_in_native, id=2220, stack(0x000000e856900000,0x000000e856a00000)]
  0x00000286319e3160 JavaThread "included builds" [_thread_blocked, id=5940, stack(0x000000e852900000,0x000000e852a00000)]
  0x000002863187d9f0 JavaThread "Handler for socket connection from /127.0.0.1:1250 to /127.0.0.1:3539" [_thread_in_native, id=9860, stack(0x000000e84e500000,0x000000e84e600000)]
  0x000002863187cac0 JavaThread "Cancel handler" [_thread_blocked, id=6192, stack(0x000000e84e600000,0x000000e84e700000)]
  0x000002862e46a7e0 JavaThread "Asynchronous log dispatcher for DefaultDaemonConnection: socket connection from /127.0.0.1:1250 to /127.0.0.1:3539" [_thread_blocked, id=7668, stack(0x000000e84fb00000,0x000000e84fc00000)]
  0x000002862e46c130 JavaThread "Stdin handler" [_thread_blocked, id=5568, stack(0x000000e850400000,0x000000e850500000)]
  0x000002862e468e90 JavaThread "Daemon client event forwarder" [_thread_blocked, id=7888, stack(0x000000e850500000,0x000000e850600000)]
  0x000002862e6049b0 JavaThread "Cache worker for checksums cache (C:\xsiet\PROJECTS\Project-NU\.gradle\8.1.1\checksums)" [_thread_blocked, id=10580, stack(0x000000e850600000,0x000000e850700000)]
  0x000002862e606810 JavaThread "Cache worker for cache directory md-rule (C:\Users\ThinkAnything\.gradle\caches\8.1.1\md-rule)" [_thread_blocked, id=4140, stack(0x000000e850700000,0x000000e850800000)]
  0x000002862e6053d0 JavaThread "Cache worker for file hash cache (C:\xsiet\PROJECTS\Project-NU\.gradle\8.1.1\fileHashes)" [_thread_blocked, id=11080, stack(0x000000e850800000,0x000000e850900000)]
  0x000002862e46c640 JavaThread "Cache worker for cache directory md-supplier (C:\Users\ThinkAnything\.gradle\caches\8.1.1\md-supplier)" [_thread_blocked, id=9168, stack(0x000000e850900000,0x000000e850a00000)]
  0x000002862e4698b0 JavaThread "Cache worker for dependencies-accessors (C:\xsiet\PROJECTS\Project-NU\.gradle\8.1.1\dependencies-accessors)" [_thread_blocked, id=5260, stack(0x000000e850a00000,0x000000e850b00000)]
  0x000002862c151610 JavaThread "Cache worker for Build Output Cleanup Cache (C:\xsiet\PROJECTS\Project-NU\buildSrc\.gradle\buildOutputCleanup)" [_thread_blocked, id=10428, stack(0x000000e851000000,0x000000e851100000)]
  0x000002862c152a50 JavaThread "Unconstrained build operations" [_thread_blocked, id=6884, stack(0x000000e851100000,0x000000e851200000)]
  0x000002862c153e90 JavaThread "Unconstrained build operations Thread 2" [_thread_blocked, id=9468, stack(0x000000e851600000,0x000000e851700000)]
  0x000002862c152030 JavaThread "Unconstrained build operations Thread 3" [_thread_blocked, id=6520, stack(0x000000e851700000,0x000000e851800000)]
  0x000002862c152540 JavaThread "Unconstrained build operations Thread 4" [_thread_blocked, id=240, stack(0x000000e852300000,0x000000e852400000)]
  0x000002862c150bf0 JavaThread "Unconstrained build operations Thread 5" [_thread_blocked, id=6820, stack(0x000000e852400000,0x000000e852500000)]
  0x000002862c151100 JavaThread "Unconstrained build operations Thread 6" [_thread_blocked, id=10340, stack(0x000000e852600000,0x000000e852700000)]
  0x000002862c1543a0 JavaThread "Unconstrained build operations Thread 7" [_thread_blocked, id=11020, stack(0x000000e852700000,0x000000e852800000)]
  0x00000286319e3670 JavaThread "included builds" [_thread_blocked, id=4564, stack(0x000000e852a00000,0x000000e852b00000)]
  0x000002863187cfd0 JavaThread "Execution worker" [_thread_blocked, id=10904, stack(0x000000e852b00000,0x000000e852c00000)]
  0x000002863187df00 JavaThread "Execution worker Thread 2" [_thread_blocked, id=4544, stack(0x000000e852c00000,0x000000e852d00000)]
  0x000002863187c5b0 JavaThread "Execution worker Thread 3" [_thread_blocked, id=2836, stack(0x000000e852d00000,0x000000e852e00000)]
  0x000002863187d4e0 JavaThread "Execution worker Thread 4" [_thread_in_native, id=10520, stack(0x000000e852e00000,0x000000e852f00000)]
  0x000002863187b680 JavaThread "Execution worker Thread 5" [_thread_blocked, id=8208, stack(0x000000e852f00000,0x000000e853000000)]
  0x000002863187ac60 JavaThread "Execution worker Thread 6" [_thread_blocked, id=10288, stack(0x000000e853000000,0x000000e853100000)]
  0x000002863187c0a0 JavaThread "Execution worker Thread 7" [_thread_blocked, id=10736, stack(0x000000e853100000,0x000000e853200000)]
  0x000002862e603060 JavaThread "Cache worker for execution history cache (C:\xsiet\PROJECTS\Project-NU\buildSrc\.gradle\8.1.1\executionHistory)" [_thread_blocked, id=9116, stack(0x000000e853200000,0x000000e853300000)]
  0x000002863187b170 JavaThread "Unconstrained build operations Thread 8" [_thread_blocked, id=9532, stack(0x000000e853300000,0x000000e853400000)]
  0x000002863187bb90 JavaThread "Unconstrained build operations Thread 9" [_thread_blocked, id=11016, stack(0x000000e853400000,0x000000e853500000)]
  0x000002863237e6b0 JavaThread "Unconstrained build operations Thread 10" [_thread_blocked, id=9548, stack(0x000000e853500000,0x000000e853600000)]
  0x000002863237e1a0 JavaThread "Unconstrained build operations Thread 11" [_thread_blocked, id=9780, stack(0x000000e853600000,0x000000e853700000)]
  0x000002863237d780 JavaThread "Unconstrained build operations Thread 12" [_thread_blocked, id=11212, stack(0x000000e853700000,0x000000e853800000)]
  0x000002863237b920 JavaThread "Unconstrained build operations Thread 13" [_thread_blocked, id=11076, stack(0x000000e853800000,0x000000e853900000)]
  0x000002863237dc90 JavaThread "Unconstrained build operations Thread 14" [_thread_blocked, id=6532, stack(0x000000e853900000,0x000000e853a00000)]
  0x0000028630c5adf0 JavaThread "Unconstrained build operations Thread 15" [_thread_blocked, id=2668, stack(0x000000e853a00000,0x000000e853b00000)]
  0x0000028630c58060 JavaThread "Unconstrained build operations Thread 16" [_thread_blocked, id=10668, stack(0x000000e853b00000,0x000000e853c00000)]
  0x0000028630c58f90 JavaThread "Unconstrained build operations Thread 17" [_thread_blocked, id=5184, stack(0x000000e853c00000,0x000000e853d00000)]
  0x0000028630c594a0 JavaThread "Unconstrained build operations Thread 18" [_thread_blocked, id=10144, stack(0x000000e853d00000,0x000000e853e00000)]
  0x0000028630c58570 JavaThread "Unconstrained build operations Thread 19" [_thread_blocked, id=6412, stack(0x000000e853e00000,0x000000e853f00000)]
  0x000002862e1a68d0 JavaThread "Unconstrained build operations Thread 20" [_thread_blocked, id=7972, stack(0x000000e853f00000,0x000000e854000000)]
  0x000002862e1a5eb0 JavaThread "Unconstrained build operations Thread 21" [_thread_blocked, id=880, stack(0x000000e854000000,0x000000e854100000)]
  0x000002862e1a2700 JavaThread "Unconstrained build operations Thread 22" [_thread_blocked, id=9280, stack(0x000000e854100000,0x000000e854200000)]
  0x000002862e1a59a0 JavaThread "Unconstrained build operations Thread 23" [_thread_blocked, id=10628, stack(0x000000e854200000,0x000000e854300000)]
  0x000002862e19f460 JavaThread "Unconstrained build operations Thread 24" [_thread_blocked, id=11012, stack(0x000000e854300000,0x000000e854400000)]
  0x000002862e1a1ce0 JavaThread "Unconstrained build operations Thread 25" [_thread_blocked, id=9528, stack(0x000000e854400000,0x000000e854500000)]
  0x000002862e19f970 JavaThread "Unconstrained build operations Thread 26" [_thread_blocked, id=8520, stack(0x000000e854500000,0x000000e854600000)]
  0x000002862e469dc0 JavaThread "Cache worker for Build Output Cleanup Cache (C:\xsiet\PROJECTS\Project-NU\.gradle\buildOutputCleanup)" [_thread_blocked, id=8620, stack(0x000000e854600000,0x000000e854700000)]
  0x0000028627f53770 JavaThread "Unconstrained build operations Thread 27" [_thread_blocked, id=4188, stack(0x000000e854700000,0x000000e854800000)]
  0x0000028627f52840 JavaThread "Unconstrained build operations Thread 28" [_thread_blocked, id=10456, stack(0x000000e854800000,0x000000e854900000)]
  0x0000028627f51910 JavaThread "Unconstrained build operations Thread 29" [_thread_blocked, id=4584, stack(0x000000e854900000,0x000000e854a00000)]
  0x0000028627f546a0 JavaThread "Unconstrained build operations Thread 30" [_thread_blocked, id=1956, stack(0x000000e854a00000,0x000000e854b00000)]
  0x0000028627f51400 JavaThread "Unconstrained build operations Thread 31" [_thread_blocked, id=2528, stack(0x000000e854b00000,0x000000e854c00000)]
  0x0000028627f52330 JavaThread "Unconstrained build operations Thread 32" [_thread_blocked, id=2272, stack(0x000000e854c00000,0x000000e854d00000)]
  0x0000028627f51e20 JavaThread "Unconstrained build operations Thread 33" [_thread_blocked, id=10988, stack(0x000000e854d00000,0x000000e854e00000)]
  0x0000028627f53260 JavaThread "build event listener" [_thread_blocked, id=10036, stack(0x000000e854e00000,0x000000e854f00000)]
  0x000002862e46acf0 JavaThread "Unconstrained build operations Thread 34" [_thread_blocked, id=3548, stack(0x000000e854f00000,0x000000e855000000)]
  0x000002862e1a08a0 JavaThread "Unconstrained build operations Thread 35" [_thread_blocked, id=9156, stack(0x000000e855000000,0x000000e855100000)]
  0x000002862e46b200 JavaThread "Unconstrained build operations Thread 36" [_thread_blocked, id=11136, stack(0x000000e855100000,0x000000e855200000)]
  0x0000028632a65880 JavaThread "Unconstrained build operations Thread 37" [_thread_blocked, id=2580, stack(0x000000e855300000,0x000000e855400000)]
  0x000002862e473e90 JavaThread "Unconstrained build operations Thread 38" [_thread_blocked, id=7420, stack(0x000000e855400000,0x000000e855500000)]
  0x0000028627f52d50 JavaThread "Cache worker for execution history cache (C:\xsiet\PROJECTS\Project-NU\.gradle\8.1.1\executionHistory)" [_thread_blocked, id=6044, stack(0x000000e855500000,0x000000e855600000)]
  0x0000028627f53c80 JavaThread "Unconstrained build operations Thread 39" [_thread_blocked, id=3836, stack(0x000000e855700000,0x000000e855800000)]
  0x0000028627f54190 JavaThread "Unconstrained build operations Thread 40" [_thread_blocked, id=2556, stack(0x000000e855800000,0x000000e855900000)]
  0x000002862c153980 JavaThread "Unconstrained build operations Thread 41" [_thread_blocked, id=4436, stack(0x000000e855900000,0x000000e855a00000)]
  0x0000028632baf900 JavaThread "Unconstrained build operations Thread 42" [_thread_blocked, id=2208, stack(0x000000e855a00000,0x000000e855b00000)]
  0x0000028632bb0320 JavaThread "Unconstrained build operations Thread 43" [_thread_blocked, id=10396, stack(0x000000e855b00000,0x000000e855c00000)]
  0x0000028632baeee0 JavaThread "Unconstrained build operations Thread 44" [_thread_blocked, id=7468, stack(0x000000e855c00000,0x000000e855d00000)]
  0x0000028632bae4c0 JavaThread "Unconstrained build operations Thread 45" [_thread_blocked, id=2776, stack(0x000000e855d00000,0x000000e855e00000)]
  0x0000028632bafe10 JavaThread "Unconstrained build operations Thread 46" [_thread_blocked, id=1672, stack(0x000000e855e00000,0x000000e855f00000)]
  0x0000028632baf3f0 JavaThread "Unconstrained build operations Thread 47" [_thread_blocked, id=6560, stack(0x000000e855f00000,0x000000e856000000)]
  0x0000028632bad080 JavaThread "Unconstrained build operations Thread 48" [_thread_blocked, id=2456, stack(0x000000e856000000,0x000000e856100000)]
  0x0000028632bb0830 JavaThread "Unconstrained build operations Thread 49" [_thread_blocked, id=9756, stack(0x000000e856100000,0x000000e856200000)]
  0x0000028632bad590 JavaThread "Unconstrained build operations Thread 50" [_thread_blocked, id=5660, stack(0x000000e856200000,0x000000e856300000)]
  0x0000028632bae9d0 JavaThread "Unconstrained build operations Thread 51" [_thread_blocked, id=4956, stack(0x000000e856300000,0x000000e856400000)]
  0x0000028632badaa0 JavaThread "Unconstrained build operations Thread 52" [_thread_blocked, id=10724, stack(0x000000e856400000,0x000000e856500000)]
  0x0000028632a64950 JavaThread "Unconstrained build operations Thread 53" [_thread_blocked, id=10372, stack(0x000000e856500000,0x000000e856600000)]
  0x0000028632a65370 JavaThread "Unconstrained build operations Thread 54" [_thread_blocked, id=9804, stack(0x000000e856600000,0x000000e856700000)]
  0x0000028632a63a20 JavaThread "Unconstrained build operations Thread 55" [_thread_blocked, id=10684, stack(0x000000e856700000,0x000000e856800000)]
  0x0000028632a65d90 JavaThread "Thread-1154" daemon [_thread_in_native, id=144, stack(0x000000e856a00000,0x000000e856b00000)]
  0x0000028632a64440 JavaThread "Thread-1155" daemon [_thread_in_native, id=10460, stack(0x000000e856b00000,0x000000e856c00000)]

Other Threads:
  0x0000028627b2ae90 VMThread "VM Thread" [stack: 0x000000e84ed00000,0x000000e84ee00000] [id=2372]
  0x000002860cf973e0 WatcherThread [stack: 0x000000e84f900000,0x000000e84fa00000] [id=9072]
  0x000002860cf8aa50 GCTaskThread "GC Thread#0" [stack: 0x000000e84e800000,0x000000e84e900000] [id=2368]
  0x000002862c9665a0 GCTaskThread "GC Thread#1" [stack: 0x000000e84fc00000,0x000000e84fd00000] [id=2572]
  0x000002862c966860 GCTaskThread "GC Thread#2" [stack: 0x000000e84fd00000,0x000000e84fe00000] [id=2568]
  0x000002862c43dcb0 GCTaskThread "GC Thread#3" [stack: 0x000000e84fe00000,0x000000e84ff00000] [id=2548]
  0x000002862c43df70 GCTaskThread "GC Thread#4" [stack: 0x000000e84ff00000,0x000000e850000000] [id=2532]
  0x000002862c43e230 GCTaskThread "GC Thread#5" [stack: 0x000000e850000000,0x000000e850100000] [id=2544]
  0x00000286305caef0 GCTaskThread "GC Thread#6" [stack: 0x000000e851300000,0x000000e851400000] [id=4160]
  0x00000286305cb1b0 GCTaskThread "GC Thread#7" [stack: 0x000000e851400000,0x000000e851500000] [id=9484]
  0x000002860cf8f8b0 ConcurrentGCThread "G1 Main Marker" [stack: 0x000000e84e900000,0x000000e84ea00000] [id=2392]
  0x000002860cf911e0 ConcurrentGCThread "G1 Conc#0" [stack: 0x000000e84ea00000,0x000000e84eb00000] [id=2360]
  0x00000286305cb730 ConcurrentGCThread "G1 Conc#1" [stack: 0x000000e851500000,0x000000e851600000] [id=5224]
  0x000002860d02ec30 ConcurrentGCThread "G1 Refine#0" [stack: 0x000000e84eb00000,0x000000e84ec00000] [id=2384]
  0x000002862e386270 ConcurrentGCThread "G1 Refine#1" [stack: 0x000000e852000000,0x000000e852100000] [id=4088]
  0x0000028632a49700 ConcurrentGCThread "G1 Refine#2" [stack: 0x000000e855200000,0x000000e855300000] [id=6720]
  0x00000286279f2720 ConcurrentGCThread "G1 Service" [stack: 0x000000e84ec00000,0x000000e84ed00000] [id=2388]

Threads with active compile tasks:
C2 CompilerThread0  4332568 19752   !   4       org.gradle.api.internal.artifacts.ivyservice.ivyresolve.ErrorHandlingModuleComponentRepository$ErrorHandlingModuleComponentRepositoryAccess::tryResolveAndMaybeBlacklist (229 bytes)

VM state: not at safepoint (normal execution)

VM Mutex/Monitor currently owned by a thread: None

Heap address: 0x00000000e0000000, size: 512 MB, Compressed Oops mode: 32-bit

CDS archive(s) mapped at: [0x0000000800000000-0x0000000800c00000-0x0000000800c00000), size 12582912, SharedBaseAddress: 0x0000000800000000, ArchiveRelocationMode: 0.
Compressed class space mapped at: 0x0000000801000000-0x0000000815000000, reserved size: 335544320
Narrow klass base: 0x0000000800000000, Narrow klass shift: 0, Narrow klass range: 0x100000000

GC Precious Log:
 CPUs: 8 total, 8 available
 Memory: 8008M
 Large Page Support: Disabled
 NUMA Support: Disabled
 Compressed Oops: Enabled (32-bit)
 Heap Region Size: 1M
 Heap Min Capacity: 256M
 Heap Initial Capacity: 256M
 Heap Max Capacity: 512M
 Pre-touch: Disabled
 Parallel Workers: 8
 Concurrent Workers: 2
 Concurrent Refinement Workers: 8
 Periodic GC: Disabled

Heap:
 garbage-first heap   total 262144K, used 146011K [0x00000000e0000000, 0x0000000100000000)
  region size 1024K, 56 young (57344K), 6 survivors (6144K)
 Metaspace       used 88038K, committed 89344K, reserved 458752K
  class space    used 11749K, committed 12480K, reserved 327680K

Heap Regions: E=young(eden), S=young(survivor), O=old, HS=humongous(starts), HC=humongous(continues), CS=collection set, F=free, OA=open archive, CA=closed archive, TAMS=top-at-mark-start (previous, next)
|   0|0x00000000e0000000, 0x00000000e0100000, 0x00000000e0100000|100%|HS|  |TAMS 0x00000000e0100000, 0x00000000e0000000| Untracked 
|   1|0x00000000e0100000, 0x00000000e0200000, 0x00000000e0200000|100%|HC|  |TAMS 0x00000000e0200000, 0x00000000e0100000| Untracked 
|   2|0x00000000e0200000, 0x00000000e0300000, 0x00000000e0300000|100%|HC|  |TAMS 0x00000000e0300000, 0x00000000e0200000| Untracked 
|   3|0x00000000e0300000, 0x00000000e0400000, 0x00000000e0400000|100%|HC|  |TAMS 0x00000000e0400000, 0x00000000e0300000| Untracked 
|   4|0x00000000e0400000, 0x00000000e0500000, 0x00000000e0500000|100%|HS|  |TAMS 0x00000000e0500000, 0x00000000e0400000| Untracked 
|   5|0x00000000e0500000, 0x00000000e0600000, 0x00000000e0600000|100%| O|  |TAMS 0x00000000e0600000, 0x00000000e0500000| Untracked 
|   6|0x00000000e0600000, 0x00000000e0700000, 0x00000000e0700000|100%| O|  |TAMS 0x00000000e0700000, 0x00000000e0600000| Untracked 
|   7|0x00000000e0700000, 0x00000000e07fffe8, 0x00000000e0800000| 99%| O|  |TAMS 0x00000000e0700000, 0x00000000e0700000| Untracked 
|   8|0x00000000e0800000, 0x00000000e0900000, 0x00000000e0900000|100%| O|  |TAMS 0x00000000e0800000, 0x00000000e0800000| Untracked 
|   9|0x00000000e0900000, 0x00000000e0a00000, 0x00000000e0a00000|100%| O|  |TAMS 0x00000000e0a00000, 0x00000000e0900000| Untracked 
|  10|0x00000000e0a00000, 0x00000000e0ad1dc8, 0x00000000e0b00000| 81%| O|  |TAMS 0x00000000e0a00000, 0x00000000e0a00000| Untracked 
|  11|0x00000000e0b00000, 0x00000000e0bff4a0, 0x00000000e0c00000| 99%| O|  |TAMS 0x00000000e0b00000, 0x00000000e0b00000| Untracked 
|  12|0x00000000e0c00000, 0x00000000e0cfff98, 0x00000000e0d00000| 99%| O|  |TAMS 0x00000000e0c00000, 0x00000000e0c00000| Untracked 
|  13|0x00000000e0d00000, 0x00000000e0dfffa0, 0x00000000e0e00000| 99%| O|  |TAMS 0x00000000e0d00000, 0x00000000e0d00000| Untracked 
|  14|0x00000000e0e00000, 0x00000000e0efffb8, 0x00000000e0f00000| 99%| O|  |TAMS 0x00000000e0e00000, 0x00000000e0e00000| Untracked 
|  15|0x00000000e0f00000, 0x00000000e0fffff8, 0x00000000e1000000| 99%| O|  |TAMS 0x00000000e0f00000, 0x00000000e0f00000| Untracked 
|  16|0x00000000e1000000, 0x00000000e10ffff0, 0x00000000e1100000| 99%| O|  |TAMS 0x00000000e1000000, 0x00000000e1000000| Untracked 
|  17|0x00000000e1100000, 0x00000000e1200000, 0x00000000e1200000|100%| O|  |TAMS 0x00000000e1200000, 0x00000000e1100000| Untracked 
|  18|0x00000000e1200000, 0x00000000e1300000, 0x00000000e1300000|100%| O|  |TAMS 0x00000000e1300000, 0x00000000e1200000| Untracked 
|  19|0x00000000e1300000, 0x00000000e13ffff0, 0x00000000e1400000| 99%| O|  |TAMS 0x00000000e1300000, 0x00000000e1300000| Untracked 
|  20|0x00000000e1400000, 0x00000000e1500000, 0x00000000e1500000|100%| O|  |TAMS 0x00000000e1500000, 0x00000000e1400000| Untracked 
|  21|0x00000000e1500000, 0x00000000e1600000, 0x00000000e1600000|100%| O|  |TAMS 0x00000000e1600000, 0x00000000e1500000| Untracked 
|  22|0x00000000e1600000, 0x00000000e16fffe8, 0x00000000e1700000| 99%| O|  |TAMS 0x00000000e1600000, 0x00000000e1600000| Untracked 
|  23|0x00000000e1700000, 0x00000000e17fe160, 0x00000000e1800000| 99%| O|  |TAMS 0x00000000e1700000, 0x00000000e1700000| Untracked 
|  24|0x00000000e1800000, 0x00000000e18fd600, 0x00000000e1900000| 98%| O|  |TAMS 0x00000000e1800000, 0x00000000e1800000| Untracked 
|  25|0x00000000e1900000, 0x00000000e19fdf50, 0x00000000e1a00000| 99%| O|  |TAMS 0x00000000e1900000, 0x00000000e1900000| Untracked 
|  26|0x00000000e1a00000, 0x00000000e1afbeb8, 0x00000000e1b00000| 98%| O|  |TAMS 0x00000000e1a00000, 0x00000000e1a00000| Untracked 
|  27|0x00000000e1b00000, 0x00000000e1bfffe0, 0x00000000e1c00000| 99%| O|  |TAMS 0x00000000e1b00000, 0x00000000e1b00000| Untracked 
|  28|0x00000000e1c00000, 0x00000000e1cfffe8, 0x00000000e1d00000| 99%| O|  |TAMS 0x00000000e1c00000, 0x00000000e1c00000| Untracked 
|  29|0x00000000e1d00000, 0x00000000e1e00000, 0x00000000e1e00000|100%| O|  |TAMS 0x00000000e1d00000, 0x00000000e1d00000| Untracked 
|  30|0x00000000e1e00000, 0x00000000e1efffe8, 0x00000000e1f00000| 99%| O|  |TAMS 0x00000000e1e00000, 0x00000000e1e00000| Untracked 
|  31|0x00000000e1f00000, 0x00000000e1ffffd0, 0x00000000e2000000| 99%| O|  |TAMS 0x00000000e1f00000, 0x00000000e1f00000| Untracked 
|  32|0x00000000e2000000, 0x00000000e2100000, 0x00000000e2100000|100%|HS|  |TAMS 0x00000000e2100000, 0x00000000e2000000| Untracked 
|  33|0x00000000e2100000, 0x00000000e2200000, 0x00000000e2200000|100%|HC|  |TAMS 0x00000000e2200000, 0x00000000e2100000| Untracked 
|  34|0x00000000e2200000, 0x00000000e2300000, 0x00000000e2300000|100%|HS|  |TAMS 0x00000000e2300000, 0x00000000e2200000| Untracked 
|  35|0x00000000e2300000, 0x00000000e2400000, 0x00000000e2400000|100%|HC|  |TAMS 0x00000000e2400000, 0x00000000e2300000| Untracked 
|  36|0x00000000e2400000, 0x00000000e2500000, 0x00000000e2500000|100%|HS|  |TAMS 0x00000000e2500000, 0x00000000e2400000| Untracked 
|  37|0x00000000e2500000, 0x00000000e2600000, 0x00000000e2600000|100%|HC|  |TAMS 0x00000000e2600000, 0x00000000e2500000| Untracked 
|  38|0x00000000e2600000, 0x00000000e2700000, 0x00000000e2700000|100%|HC|  |TAMS 0x00000000e2700000, 0x00000000e2600000| Untracked 
|  39|0x00000000e2700000, 0x00000000e2800000, 0x00000000e2800000|100%|HC|  |TAMS 0x00000000e2800000, 0x00000000e2700000| Untracked 
|  40|0x00000000e2800000, 0x00000000e2900000, 0x00000000e2900000|100%|HS|  |TAMS 0x00000000e2900000, 0x00000000e2800000| Untracked 
|  41|0x00000000e2900000, 0x00000000e2a00000, 0x00000000e2a00000|100%|HC|  |TAMS 0x00000000e2a00000, 0x00000000e2900000| Untracked 
|  42|0x00000000e2a00000, 0x00000000e2b00000, 0x00000000e2b00000|100%|HC|  |TAMS 0x00000000e2b00000, 0x00000000e2a00000| Untracked 
|  43|0x00000000e2b00000, 0x00000000e2c00000, 0x00000000e2c00000|100%|HC|  |TAMS 0x00000000e2c00000, 0x00000000e2b00000| Untracked 
|  44|0x00000000e2c00000, 0x00000000e2d00000, 0x00000000e2d00000|100%|HS|  |TAMS 0x00000000e2d00000, 0x00000000e2c00000| Untracked 
|  45|0x00000000e2d00000, 0x00000000e2e00000, 0x00000000e2e00000|100%|HC|  |TAMS 0x00000000e2e00000, 0x00000000e2d00000| Untracked 
|  46|0x00000000e2e00000, 0x00000000e2f00000, 0x00000000e2f00000|100%|HS|  |TAMS 0x00000000e2f00000, 0x00000000e2e00000| Untracked 
|  47|0x00000000e2f00000, 0x00000000e3000000, 0x00000000e3000000|100%|HC|  |TAMS 0x00000000e3000000, 0x00000000e2f00000| Untracked 
|  48|0x00000000e3000000, 0x00000000e3100000, 0x00000000e3100000|100%|HS|  |TAMS 0x00000000e3100000, 0x00000000e3000000| Untracked 
|  49|0x00000000e3100000, 0x00000000e3200000, 0x00000000e3200000|100%|HC|  |TAMS 0x00000000e3200000, 0x00000000e3100000| Untracked 
|  50|0x00000000e3200000, 0x00000000e3300000, 0x00000000e3300000|100%|HC|  |TAMS 0x00000000e3300000, 0x00000000e3200000| Untracked 
|  51|0x00000000e3300000, 0x00000000e3400000, 0x00000000e3400000|100%|HC|  |TAMS 0x00000000e3400000, 0x00000000e3300000| Untracked 
|  52|0x00000000e3400000, 0x00000000e3500000, 0x00000000e3500000|100%|HS|  |TAMS 0x00000000e3500000, 0x00000000e3400000| Untracked 
|  53|0x00000000e3500000, 0x00000000e3600000, 0x00000000e3600000|100%|HC|  |TAMS 0x00000000e3600000, 0x00000000e3500000| Untracked 
|  54|0x00000000e3600000, 0x00000000e3700000, 0x00000000e3700000|100%|HC|  |TAMS 0x00000000e3700000, 0x00000000e3600000| Untracked 
|  55|0x00000000e3700000, 0x00000000e3800000, 0x00000000e3800000|100%|HC|  |TAMS 0x00000000e3800000, 0x00000000e3700000| Untracked 
|  56|0x00000000e3800000, 0x00000000e3900000, 0x00000000e3900000|100%|HS|  |TAMS 0x00000000e3900000, 0x00000000e3800000| Untracked 
|  57|0x00000000e3900000, 0x00000000e39fffe0, 0x00000000e3a00000| 99%| O|  |TAMS 0x00000000e3900000, 0x00000000e3900000| Untracked 
|  58|0x00000000e3a00000, 0x00000000e3afffe8, 0x00000000e3b00000| 99%| O|  |TAMS 0x00000000e3a00000, 0x00000000e3a00000| Untracked 
|  59|0x00000000e3b00000, 0x00000000e3bf9ff8, 0x00000000e3c00000| 97%| O|  |TAMS 0x00000000e3b00000, 0x00000000e3b00000| Untracked 
|  60|0x00000000e3c00000, 0x00000000e3d00000, 0x00000000e3d00000|100%| O|  |TAMS 0x00000000e3c00000, 0x00000000e3c00000| Untracked 
|  61|0x00000000e3d00000, 0x00000000e3dfffe8, 0x00000000e3e00000| 99%| O|  |TAMS 0x00000000e3d00000, 0x00000000e3d00000| Untracked 
|  62|0x00000000e3e00000, 0x00000000e3efffc8, 0x00000000e3f00000| 99%| O|  |TAMS 0x00000000e3e00000, 0x00000000e3e00000| Untracked 
|  63|0x00000000e3f00000, 0x00000000e3ffffe8, 0x00000000e4000000| 99%| O|  |TAMS 0x00000000e3f00000, 0x00000000e3f00000| Untracked 
|  64|0x00000000e4000000, 0x00000000e40ffff0, 0x00000000e4100000| 99%| O|  |TAMS 0x00000000e4000000, 0x00000000e4000000| Untracked 
|  65|0x00000000e4100000, 0x00000000e41fa270, 0x00000000e4200000| 97%| O|  |TAMS 0x00000000e4100000, 0x00000000e4100000| Untracked 
|  66|0x00000000e4200000, 0x00000000e4300000, 0x00000000e4300000|100%| O|  |TAMS 0x00000000e4200000, 0x00000000e4200000| Untracked 
|  67|0x00000000e4300000, 0x00000000e43ffff0, 0x00000000e4400000| 99%| O|  |TAMS 0x00000000e4300000, 0x00000000e4300000| Untracked 
|  68|0x00000000e4400000, 0x00000000e44fffe8, 0x00000000e4500000| 99%| O|  |TAMS 0x00000000e4400000, 0x00000000e4400000| Untracked 
|  69|0x00000000e4500000, 0x00000000e45fff48, 0x00000000e4600000| 99%| O|  |TAMS 0x00000000e4500000, 0x00000000e4500000| Untracked 
|  70|0x00000000e4600000, 0x00000000e465e620, 0x00000000e4700000| 36%| O|  |TAMS 0x00000000e4600000, 0x00000000e4600000| Untracked 
|  71|0x00000000e4700000, 0x00000000e47a6d38, 0x00000000e4800000| 65%| O|  |TAMS 0x00000000e4700000, 0x00000000e4700000| Untracked 
|  72|0x00000000e4800000, 0x00000000e48fa660, 0x00000000e4900000| 97%| O|  |TAMS 0x00000000e4800000, 0x00000000e4800000| Untracked 
|  73|0x00000000e4900000, 0x00000000e49fffe8, 0x00000000e4a00000| 99%| O|  |TAMS 0x00000000e4900000, 0x00000000e4900000| Untracked 
|  74|0x00000000e4a00000, 0x00000000e4b00000, 0x00000000e4b00000|100%| O|  |TAMS 0x00000000e4a00000, 0x00000000e4a00000| Untracked 
|  75|0x00000000e4b00000, 0x00000000e4b6df98, 0x00000000e4c00000| 42%| O|  |TAMS 0x00000000e4b00000, 0x00000000e4b00000| Untracked 
|  76|0x00000000e4c00000, 0x00000000e4d00000, 0x00000000e4d00000|100%| O|  |TAMS 0x00000000e4c00000, 0x00000000e4c00000| Untracked 
|  77|0x00000000e4d00000, 0x00000000e4d818e8, 0x00000000e4e00000| 50%| O|  |TAMS 0x00000000e4d00000, 0x00000000e4d00000| Untracked 
|  78|0x00000000e4e00000, 0x00000000e4f00000, 0x00000000e4f00000|100%| O|  |TAMS 0x00000000e4e00000, 0x00000000e4e00000| Untracked 
|  79|0x00000000e4f00000, 0x00000000e5000000, 0x00000000e5000000|100%| O|  |TAMS 0x00000000e4f00000, 0x00000000e4f00000| Untracked 
|  80|0x00000000e5000000, 0x00000000e508ffc8, 0x00000000e5100000| 56%| O|  |TAMS 0x00000000e5000000, 0x00000000e5000000| Untracked 
|  81|0x00000000e5100000, 0x00000000e5200000, 0x00000000e5200000|100%| O|  |TAMS 0x00000000e5100000, 0x00000000e5100000| Untracked 
|  82|0x00000000e5200000, 0x00000000e5300000, 0x00000000e5300000|100%| O|  |TAMS 0x00000000e5200000, 0x00000000e5200000| Untracked 
|  83|0x00000000e5300000, 0x00000000e5400000, 0x00000000e5400000|100%| O|  |TAMS 0x00000000e5300000, 0x00000000e5300000| Untracked 
|  84|0x00000000e5400000, 0x00000000e5500000, 0x00000000e5500000|100%| O|  |TAMS 0x00000000e5400000, 0x00000000e5400000| Untracked 
|  85|0x00000000e5500000, 0x00000000e5600000, 0x00000000e5600000|100%| O|  |TAMS 0x00000000e5500000, 0x00000000e5500000| Untracked 
|  86|0x00000000e5600000, 0x00000000e5700000, 0x00000000e5700000|100%| O|  |TAMS 0x00000000e5600000, 0x00000000e5600000| Untracked 
|  87|0x00000000e5700000, 0x00000000e5800000, 0x00000000e5800000|100%| O|  |TAMS 0x00000000e5700000, 0x00000000e5700000| Untracked 
|  88|0x00000000e5800000, 0x00000000e5900000, 0x00000000e5900000|100%| O|  |TAMS 0x00000000e5800000, 0x00000000e5800000| Untracked 
|  89|0x00000000e5900000, 0x00000000e5a00000, 0x00000000e5a00000|100%| O|  |TAMS 0x00000000e5900000, 0x00000000e5900000| Untracked 
|  90|0x00000000e5a00000, 0x00000000e5b00000, 0x00000000e5b00000|100%| O|  |TAMS 0x00000000e5a00000, 0x00000000e5a00000| Untracked 
|  91|0x00000000e5b00000, 0x00000000e5b60c00, 0x00000000e5c00000| 37%| O|  |TAMS 0x00000000e5b00000, 0x00000000e5b00000| Untracked 
|  92|0x00000000e5c00000, 0x00000000e5c00000, 0x00000000e5d00000|  0%| F|  |TAMS 0x00000000e5c00000, 0x00000000e5c00000| Untracked 
|  93|0x00000000e5d00000, 0x00000000e5d00000, 0x00000000e5e00000|  0%| F|  |TAMS 0x00000000e5d00000, 0x00000000e5d00000| Untracked 
|  94|0x00000000e5e00000, 0x00000000e5e5ce58, 0x00000000e5f00000| 36%| O|  |TAMS 0x00000000e5e00000, 0x00000000e5e00000| Untracked 
|  95|0x00000000e5f00000, 0x00000000e5f00000, 0x00000000e6000000|  0%| F|  |TAMS 0x00000000e5f00000, 0x00000000e5f00000| Untracked 
|  96|0x00000000e6000000, 0x00000000e6000000, 0x00000000e6100000|  0%| F|  |TAMS 0x00000000e6000000, 0x00000000e6000000| Untracked 
|  97|0x00000000e6100000, 0x00000000e6100000, 0x00000000e6200000|  0%| F|  |TAMS 0x00000000e6100000, 0x00000000e6100000| Untracked 
|  98|0x00000000e6200000, 0x00000000e6200000, 0x00000000e6300000|  0%| F|  |TAMS 0x00000000e6200000, 0x00000000e6200000| Untracked 
|  99|0x00000000e6300000, 0x00000000e6300000, 0x00000000e6400000|  0%| F|  |TAMS 0x00000000e6300000, 0x00000000e6300000| Untracked 
| 100|0x00000000e6400000, 0x00000000e6400000, 0x00000000e6500000|  0%| F|  |TAMS 0x00000000e6400000, 0x00000000e6400000| Untracked 
| 101|0x00000000e6500000, 0x00000000e6500000, 0x00000000e6600000|  0%| F|  |TAMS 0x00000000e6500000, 0x00000000e6500000| Untracked 
| 102|0x00000000e6600000, 0x00000000e6600000, 0x00000000e6700000|  0%| F|  |TAMS 0x00000000e6600000, 0x00000000e6600000| Untracked 
| 103|0x00000000e6700000, 0x00000000e6700000, 0x00000000e6800000|  0%| F|  |TAMS 0x00000000e6700000, 0x00000000e6700000| Untracked 
| 104|0x00000000e6800000, 0x00000000e6800000, 0x00000000e6900000|  0%| F|  |TAMS 0x00000000e6800000, 0x00000000e6800000| Untracked 
| 105|0x00000000e6900000, 0x00000000e6900000, 0x00000000e6a00000|  0%| F|  |TAMS 0x00000000e6900000, 0x00000000e6900000| Untracked 
| 106|0x00000000e6a00000, 0x00000000e6a00000, 0x00000000e6b00000|  0%| F|  |TAMS 0x00000000e6a00000, 0x00000000e6a00000| Untracked 
| 107|0x00000000e6b00000, 0x00000000e6b00000, 0x00000000e6c00000|  0%| F|  |TAMS 0x00000000e6b00000, 0x00000000e6b00000| Untracked 
| 108|0x00000000e6c00000, 0x00000000e6c00000, 0x00000000e6d00000|  0%| F|  |TAMS 0x00000000e6c00000, 0x00000000e6c00000| Untracked 
| 109|0x00000000e6d00000, 0x00000000e6d00000, 0x00000000e6e00000|  0%| F|  |TAMS 0x00000000e6d00000, 0x00000000e6d00000| Untracked 
| 110|0x00000000e6e00000, 0x00000000e6e00000, 0x00000000e6f00000|  0%| F|  |TAMS 0x00000000e6e00000, 0x00000000e6e00000| Untracked 
| 111|0x00000000e6f00000, 0x00000000e6f00000, 0x00000000e7000000|  0%| F|  |TAMS 0x00000000e6f00000, 0x00000000e6f00000| Untracked 
| 112|0x00000000e7000000, 0x00000000e7000000, 0x00000000e7100000|  0%| F|  |TAMS 0x00000000e7000000, 0x00000000e7000000| Untracked 
| 113|0x00000000e7100000, 0x00000000e7100000, 0x00000000e7200000|  0%| F|  |TAMS 0x00000000e7100000, 0x00000000e7100000| Untracked 
| 114|0x00000000e7200000, 0x00000000e7200000, 0x00000000e7300000|  0%| F|  |TAMS 0x00000000e7200000, 0x00000000e7200000| Untracked 
| 115|0x00000000e7300000, 0x00000000e7300000, 0x00000000e7400000|  0%| F|  |TAMS 0x00000000e7300000, 0x00000000e7300000| Untracked 
| 116|0x00000000e7400000, 0x00000000e7400000, 0x00000000e7500000|  0%| F|  |TAMS 0x00000000e7400000, 0x00000000e7400000| Untracked 
| 117|0x00000000e7500000, 0x00000000e7500000, 0x00000000e7600000|  0%| F|  |TAMS 0x00000000e7500000, 0x00000000e7500000| Untracked 
| 118|0x00000000e7600000, 0x00000000e7600000, 0x00000000e7700000|  0%| F|  |TAMS 0x00000000e7600000, 0x00000000e7600000| Untracked 
| 119|0x00000000e7700000, 0x00000000e7700000, 0x00000000e7800000|  0%| F|  |TAMS 0x00000000e7700000, 0x00000000e7700000| Untracked 
| 120|0x00000000e7800000, 0x00000000e7800000, 0x00000000e7900000|  0%| F|  |TAMS 0x00000000e7800000, 0x00000000e7800000| Untracked 
| 121|0x00000000e7900000, 0x00000000e7900000, 0x00000000e7a00000|  0%| F|  |TAMS 0x00000000e7900000, 0x00000000e7900000| Untracked 
| 122|0x00000000e7a00000, 0x00000000e7a00000, 0x00000000e7b00000|  0%| F|  |TAMS 0x00000000e7a00000, 0x00000000e7a00000| Untracked 
| 123|0x00000000e7b00000, 0x00000000e7b00000, 0x00000000e7c00000|  0%| F|  |TAMS 0x00000000e7b00000, 0x00000000e7b00000| Untracked 
| 124|0x00000000e7c00000, 0x00000000e7c00000, 0x00000000e7d00000|  0%| F|  |TAMS 0x00000000e7c00000, 0x00000000e7c00000| Untracked 
| 125|0x00000000e7d00000, 0x00000000e7d00000, 0x00000000e7e00000|  0%| F|  |TAMS 0x00000000e7d00000, 0x00000000e7d00000| Untracked 
| 126|0x00000000e7e00000, 0x00000000e7e00000, 0x00000000e7f00000|  0%| F|  |TAMS 0x00000000e7e00000, 0x00000000e7e00000| Untracked 
| 127|0x00000000e7f00000, 0x00000000e7f00000, 0x00000000e8000000|  0%| F|  |TAMS 0x00000000e7f00000, 0x00000000e7f00000| Untracked 
| 128|0x00000000e8000000, 0x00000000e8000000, 0x00000000e8100000|  0%| F|  |TAMS 0x00000000e8000000, 0x00000000e8000000| Untracked 
| 129|0x00000000e8100000, 0x00000000e8100000, 0x00000000e8200000|  0%| F|  |TAMS 0x00000000e8100000, 0x00000000e8100000| Untracked 
| 130|0x00000000e8200000, 0x00000000e8200000, 0x00000000e8300000|  0%| F|  |TAMS 0x00000000e8200000, 0x00000000e8200000| Untracked 
| 131|0x00000000e8300000, 0x00000000e839f9c0, 0x00000000e8400000| 62%| S|CS|TAMS 0x00000000e8300000, 0x00000000e8300000| Complete 
| 132|0x00000000e8400000, 0x00000000e8500000, 0x00000000e8500000|100%| S|CS|TAMS 0x00000000e8400000, 0x00000000e8400000| Complete 
| 133|0x00000000e8500000, 0x00000000e8600000, 0x00000000e8600000|100%| S|CS|TAMS 0x00000000e8500000, 0x00000000e8500000| Complete 
| 134|0x00000000e8600000, 0x00000000e8700000, 0x00000000e8700000|100%| S|CS|TAMS 0x00000000e8600000, 0x00000000e8600000| Complete 
| 135|0x00000000e8700000, 0x00000000e8800000, 0x00000000e8800000|100%| S|CS|TAMS 0x00000000e8700000, 0x00000000e8700000| Complete 
| 136|0x00000000e8800000, 0x00000000e8900000, 0x00000000e8900000|100%| S|CS|TAMS 0x00000000e8800000, 0x00000000e8800000| Complete 
| 137|0x00000000e8900000, 0x00000000e8900000, 0x00000000e8a00000|  0%| F|  |TAMS 0x00000000e8900000, 0x00000000e8900000| Untracked 
| 138|0x00000000e8a00000, 0x00000000e8a00000, 0x00000000e8b00000|  0%| F|  |TAMS 0x00000000e8a00000, 0x00000000e8a00000| Untracked 
| 139|0x00000000e8b00000, 0x00000000e8b00000, 0x00000000e8c00000|  0%| F|  |TAMS 0x00000000e8b00000, 0x00000000e8b00000| Untracked 
| 140|0x00000000e8c00000, 0x00000000e8c00000, 0x00000000e8d00000|  0%| F|  |TAMS 0x00000000e8c00000, 0x00000000e8c00000| Untracked 
| 141|0x00000000e8d00000, 0x00000000e8d00000, 0x00000000e8e00000|  0%| F|  |TAMS 0x00000000e8d00000, 0x00000000e8d00000| Untracked 
| 142|0x00000000e8e00000, 0x00000000e8e00000, 0x00000000e8f00000|  0%| F|  |TAMS 0x00000000e8e00000, 0x00000000e8e00000| Untracked 
| 143|0x00000000e8f00000, 0x00000000e8f00000, 0x00000000e9000000|  0%| F|  |TAMS 0x00000000e8f00000, 0x00000000e8f00000| Untracked 
| 144|0x00000000e9000000, 0x00000000e9000000, 0x00000000e9100000|  0%| F|  |TAMS 0x00000000e9000000, 0x00000000e9000000| Untracked 
| 145|0x00000000e9100000, 0x00000000e9100000, 0x00000000e9200000|  0%| F|  |TAMS 0x00000000e9100000, 0x00000000e9100000| Untracked 
| 146|0x00000000e9200000, 0x00000000e9200000, 0x00000000e9300000|  0%| F|  |TAMS 0x00000000e9200000, 0x00000000e9200000| Untracked 
| 147|0x00000000e9300000, 0x00000000e9300000, 0x00000000e9400000|  0%| F|  |TAMS 0x00000000e9300000, 0x00000000e9300000| Untracked 
| 148|0x00000000e9400000, 0x00000000e9400000, 0x00000000e9500000|  0%| F|  |TAMS 0x00000000e9400000, 0x00000000e9400000| Untracked 
| 149|0x00000000e9500000, 0x00000000e9500000, 0x00000000e9600000|  0%| F|  |TAMS 0x00000000e9500000, 0x00000000e9500000| Untracked 
| 150|0x00000000e9600000, 0x00000000e9600000, 0x00000000e9700000|  0%| F|  |TAMS 0x00000000e9600000, 0x00000000e9600000| Untracked 
| 151|0x00000000e9700000, 0x00000000e9700000, 0x00000000e9800000|  0%| F|  |TAMS 0x00000000e9700000, 0x00000000e9700000| Untracked 
| 152|0x00000000e9800000, 0x00000000e9800000, 0x00000000e9900000|  0%| F|  |TAMS 0x00000000e9800000, 0x00000000e9800000| Untracked 
| 153|0x00000000e9900000, 0x00000000e9900000, 0x00000000e9a00000|  0%| F|  |TAMS 0x00000000e9900000, 0x00000000e9900000| Untracked 
| 154|0x00000000e9a00000, 0x00000000e9a00000, 0x00000000e9b00000|  0%| F|  |TAMS 0x00000000e9a00000, 0x00000000e9a00000| Untracked 
| 155|0x00000000e9b00000, 0x00000000e9b00000, 0x00000000e9c00000|  0%| F|  |TAMS 0x00000000e9b00000, 0x00000000e9b00000| Untracked 
| 156|0x00000000e9c00000, 0x00000000e9c00000, 0x00000000e9d00000|  0%| F|  |TAMS 0x00000000e9c00000, 0x00000000e9c00000| Untracked 
| 157|0x00000000e9d00000, 0x00000000e9d00000, 0x00000000e9e00000|  0%| F|  |TAMS 0x00000000e9d00000, 0x00000000e9d00000| Untracked 
| 158|0x00000000e9e00000, 0x00000000e9e00000, 0x00000000e9f00000|  0%| F|  |TAMS 0x00000000e9e00000, 0x00000000e9e00000| Untracked 
| 159|0x00000000e9f00000, 0x00000000e9f00000, 0x00000000ea000000|  0%| F|  |TAMS 0x00000000e9f00000, 0x00000000e9f00000| Untracked 
| 160|0x00000000ea000000, 0x00000000ea000000, 0x00000000ea100000|  0%| F|  |TAMS 0x00000000ea000000, 0x00000000ea000000| Untracked 
| 161|0x00000000ea100000, 0x00000000ea100000, 0x00000000ea200000|  0%| F|  |TAMS 0x00000000ea100000, 0x00000000ea100000| Untracked 
| 162|0x00000000ea200000, 0x00000000ea200000, 0x00000000ea300000|  0%| F|  |TAMS 0x00000000ea200000, 0x00000000ea200000| Untracked 
| 163|0x00000000ea300000, 0x00000000ea300000, 0x00000000ea400000|  0%| F|  |TAMS 0x00000000ea300000, 0x00000000ea300000| Untracked 
| 164|0x00000000ea400000, 0x00000000ea400000, 0x00000000ea500000|  0%| F|  |TAMS 0x00000000ea400000, 0x00000000ea400000| Untracked 
| 165|0x00000000ea500000, 0x00000000ea500000, 0x00000000ea600000|  0%| F|  |TAMS 0x00000000ea500000, 0x00000000ea500000| Untracked 
| 166|0x00000000ea600000, 0x00000000ea600000, 0x00000000ea700000|  0%| F|  |TAMS 0x00000000ea600000, 0x00000000ea600000| Untracked 
| 167|0x00000000ea700000, 0x00000000ea700000, 0x00000000ea800000|  0%| F|  |TAMS 0x00000000ea700000, 0x00000000ea700000| Untracked 
| 168|0x00000000ea800000, 0x00000000ea800000, 0x00000000ea900000|  0%| F|  |TAMS 0x00000000ea800000, 0x00000000ea800000| Untracked 
| 169|0x00000000ea900000, 0x00000000ea900000, 0x00000000eaa00000|  0%| F|  |TAMS 0x00000000ea900000, 0x00000000ea900000| Untracked 
| 170|0x00000000eaa00000, 0x00000000eaa00000, 0x00000000eab00000|  0%| F|  |TAMS 0x00000000eaa00000, 0x00000000eaa00000| Untracked 
| 171|0x00000000eab00000, 0x00000000eab00000, 0x00000000eac00000|  0%| F|  |TAMS 0x00000000eab00000, 0x00000000eab00000| Untracked 
| 172|0x00000000eac00000, 0x00000000eac00000, 0x00000000ead00000|  0%| F|  |TAMS 0x00000000eac00000, 0x00000000eac00000| Untracked 
| 173|0x00000000ead00000, 0x00000000ead00000, 0x00000000eae00000|  0%| F|  |TAMS 0x00000000ead00000, 0x00000000ead00000| Untracked 
| 174|0x00000000eae00000, 0x00000000eae00000, 0x00000000eaf00000|  0%| F|  |TAMS 0x00000000eae00000, 0x00000000eae00000| Untracked 
| 175|0x00000000eaf00000, 0x00000000eaf00000, 0x00000000eb000000|  0%| F|  |TAMS 0x00000000eaf00000, 0x00000000eaf00000| Untracked 
| 176|0x00000000eb000000, 0x00000000eb000000, 0x00000000eb100000|  0%| F|  |TAMS 0x00000000eb000000, 0x00000000eb000000| Untracked 
| 177|0x00000000eb100000, 0x00000000eb100000, 0x00000000eb200000|  0%| F|  |TAMS 0x00000000eb100000, 0x00000000eb100000| Untracked 
| 178|0x00000000eb200000, 0x00000000eb200000, 0x00000000eb300000|  0%| F|  |TAMS 0x00000000eb200000, 0x00000000eb200000| Untracked 
| 179|0x00000000eb300000, 0x00000000eb300000, 0x00000000eb400000|  0%| F|  |TAMS 0x00000000eb300000, 0x00000000eb300000| Untracked 
| 180|0x00000000eb400000, 0x00000000eb400000, 0x00000000eb500000|  0%| F|  |TAMS 0x00000000eb400000, 0x00000000eb400000| Untracked 
| 181|0x00000000eb500000, 0x00000000eb500000, 0x00000000eb600000|  0%| F|  |TAMS 0x00000000eb500000, 0x00000000eb500000| Untracked 
| 182|0x00000000eb600000, 0x00000000eb600000, 0x00000000eb700000|  0%| F|  |TAMS 0x00000000eb600000, 0x00000000eb600000| Untracked 
| 183|0x00000000eb700000, 0x00000000eb700000, 0x00000000eb800000|  0%| F|  |TAMS 0x00000000eb700000, 0x00000000eb700000| Untracked 
| 184|0x00000000eb800000, 0x00000000eb800000, 0x00000000eb900000|  0%| F|  |TAMS 0x00000000eb800000, 0x00000000eb800000| Untracked 
| 185|0x00000000eb900000, 0x00000000eb900000, 0x00000000eba00000|  0%| F|  |TAMS 0x00000000eb900000, 0x00000000eb900000| Untracked 
| 186|0x00000000eba00000, 0x00000000eba00000, 0x00000000ebb00000|  0%| F|  |TAMS 0x00000000eba00000, 0x00000000eba00000| Untracked 
| 187|0x00000000ebb00000, 0x00000000ebb00000, 0x00000000ebc00000|  0%| F|  |TAMS 0x00000000ebb00000, 0x00000000ebb00000| Untracked 
| 188|0x00000000ebc00000, 0x00000000ebc00000, 0x00000000ebd00000|  0%| F|  |TAMS 0x00000000ebc00000, 0x00000000ebc00000| Untracked 
| 189|0x00000000ebd00000, 0x00000000ebd00000, 0x00000000ebe00000|  0%| F|  |TAMS 0x00000000ebd00000, 0x00000000ebd00000| Untracked 
| 190|0x00000000ebe00000, 0x00000000ebe00000, 0x00000000ebf00000|  0%| F|  |TAMS 0x00000000ebe00000, 0x00000000ebe00000| Untracked 
| 191|0x00000000ebf00000, 0x00000000ebf00000, 0x00000000ec000000|  0%| F|  |TAMS 0x00000000ebf00000, 0x00000000ebf00000| Untracked 
| 192|0x00000000ec000000, 0x00000000ec000000, 0x00000000ec100000|  0%| F|  |TAMS 0x00000000ec000000, 0x00000000ec000000| Untracked 
| 193|0x00000000ec100000, 0x00000000ec100000, 0x00000000ec200000|  0%| F|  |TAMS 0x00000000ec100000, 0x00000000ec100000| Untracked 
| 194|0x00000000ec200000, 0x00000000ec200000, 0x00000000ec300000|  0%| F|  |TAMS 0x00000000ec200000, 0x00000000ec200000| Untracked 
| 195|0x00000000ec300000, 0x00000000ec300000, 0x00000000ec400000|  0%| F|  |TAMS 0x00000000ec300000, 0x00000000ec300000| Untracked 
| 196|0x00000000ec400000, 0x00000000ec400000, 0x00000000ec500000|  0%| F|  |TAMS 0x00000000ec400000, 0x00000000ec400000| Untracked 
| 197|0x00000000ec500000, 0x00000000ec500000, 0x00000000ec600000|  0%| F|  |TAMS 0x00000000ec500000, 0x00000000ec500000| Untracked 
| 198|0x00000000ec600000, 0x00000000ec600000, 0x00000000ec700000|  0%| F|  |TAMS 0x00000000ec600000, 0x00000000ec600000| Untracked 
| 199|0x00000000ec700000, 0x00000000ec700000, 0x00000000ec800000|  0%| F|  |TAMS 0x00000000ec700000, 0x00000000ec700000| Untracked 
| 200|0x00000000ec800000, 0x00000000ec800000, 0x00000000ec900000|  0%| F|  |TAMS 0x00000000ec800000, 0x00000000ec800000| Untracked 
| 201|0x00000000ec900000, 0x00000000ec900000, 0x00000000eca00000|  0%| F|  |TAMS 0x00000000ec900000, 0x00000000ec900000| Untracked 
| 202|0x00000000eca00000, 0x00000000eca00000, 0x00000000ecb00000|  0%| F|  |TAMS 0x00000000eca00000, 0x00000000eca00000| Untracked 
| 203|0x00000000ecb00000, 0x00000000ecb00000, 0x00000000ecc00000|  0%| F|  |TAMS 0x00000000ecb00000, 0x00000000ecb00000| Untracked 
| 204|0x00000000ecc00000, 0x00000000ecc00000, 0x00000000ecd00000|  0%| F|  |TAMS 0x00000000ecc00000, 0x00000000ecc00000| Untracked 
| 205|0x00000000ecd00000, 0x00000000ecd00000, 0x00000000ece00000|  0%| F|  |TAMS 0x00000000ecd00000, 0x00000000ecd00000| Untracked 
| 206|0x00000000ece00000, 0x00000000ece665b0, 0x00000000ecf00000| 39%| E|  |TAMS 0x00000000ece00000, 0x00000000ece00000| Complete 
| 207|0x00000000ecf00000, 0x00000000ecffffa0, 0x00000000ed000000| 99%| E|  |TAMS 0x00000000ecf00000, 0x00000000ecf00000| Complete 
| 208|0x00000000ed000000, 0x00000000ed100000, 0x00000000ed100000|100%| E|CS|TAMS 0x00000000ed000000, 0x00000000ed000000| Complete 
| 209|0x00000000ed100000, 0x00000000ed200000, 0x00000000ed200000|100%| E|CS|TAMS 0x00000000ed100000, 0x00000000ed100000| Complete 
| 210|0x00000000ed200000, 0x00000000ed300000, 0x00000000ed300000|100%| E|CS|TAMS 0x00000000ed200000, 0x00000000ed200000| Complete 
| 211|0x00000000ed300000, 0x00000000ed400000, 0x00000000ed400000|100%| E|CS|TAMS 0x00000000ed300000, 0x00000000ed300000| Complete 
| 212|0x00000000ed400000, 0x00000000ed500000, 0x00000000ed500000|100%| E|CS|TAMS 0x00000000ed400000, 0x00000000ed400000| Complete 
| 213|0x00000000ed500000, 0x00000000ed600000, 0x00000000ed600000|100%| E|CS|TAMS 0x00000000ed500000, 0x00000000ed500000| Complete 
| 214|0x00000000ed600000, 0x00000000ed700000, 0x00000000ed700000|100%| E|CS|TAMS 0x00000000ed600000, 0x00000000ed600000| Complete 
| 215|0x00000000ed700000, 0x00000000ed800000, 0x00000000ed800000|100%| E|CS|TAMS 0x00000000ed700000, 0x00000000ed700000| Complete 
| 216|0x00000000ed800000, 0x00000000ed900000, 0x00000000ed900000|100%| E|CS|TAMS 0x00000000ed800000, 0x00000000ed800000| Complete 
| 217|0x00000000ed900000, 0x00000000eda00000, 0x00000000eda00000|100%| E|CS|TAMS 0x00000000ed900000, 0x00000000ed900000| Complete 
| 218|0x00000000eda00000, 0x00000000edb00000, 0x00000000edb00000|100%| E|CS|TAMS 0x00000000eda00000, 0x00000000eda00000| Complete 
| 219|0x00000000edb00000, 0x00000000edc00000, 0x00000000edc00000|100%| E|CS|TAMS 0x00000000edb00000, 0x00000000edb00000| Complete 
| 220|0x00000000edc00000, 0x00000000edd00000, 0x00000000edd00000|100%| E|CS|TAMS 0x00000000edc00000, 0x00000000edc00000| Complete 
| 221|0x00000000edd00000, 0x00000000ede00000, 0x00000000ede00000|100%| E|CS|TAMS 0x00000000edd00000, 0x00000000edd00000| Complete 
| 222|0x00000000ede00000, 0x00000000edf00000, 0x00000000edf00000|100%| E|CS|TAMS 0x00000000ede00000, 0x00000000ede00000| Complete 
| 223|0x00000000edf00000, 0x00000000ee000000, 0x00000000ee000000|100%| E|CS|TAMS 0x00000000edf00000, 0x00000000edf00000| Complete 
| 224|0x00000000ee000000, 0x00000000ee100000, 0x00000000ee100000|100%| E|CS|TAMS 0x00000000ee000000, 0x00000000ee000000| Complete 
| 225|0x00000000ee100000, 0x00000000ee200000, 0x00000000ee200000|100%| E|CS|TAMS 0x00000000ee100000, 0x00000000ee100000| Complete 
| 226|0x00000000ee200000, 0x00000000ee300000, 0x00000000ee300000|100%| E|CS|TAMS 0x00000000ee200000, 0x00000000ee200000| Complete 
| 227|0x00000000ee300000, 0x00000000ee400000, 0x00000000ee400000|100%| E|CS|TAMS 0x00000000ee300000, 0x00000000ee300000| Complete 
| 228|0x00000000ee400000, 0x00000000ee500000, 0x00000000ee500000|100%| E|CS|TAMS 0x00000000ee400000, 0x00000000ee400000| Complete 
| 229|0x00000000ee500000, 0x00000000ee600000, 0x00000000ee600000|100%| E|CS|TAMS 0x00000000ee500000, 0x00000000ee500000| Complete 
| 230|0x00000000ee600000, 0x00000000ee700000, 0x00000000ee700000|100%| E|CS|TAMS 0x00000000ee600000, 0x00000000ee600000| Complete 
| 231|0x00000000ee700000, 0x00000000ee800000, 0x00000000ee800000|100%| E|CS|TAMS 0x00000000ee700000, 0x00000000ee700000| Complete 
| 232|0x00000000ee800000, 0x00000000ee900000, 0x00000000ee900000|100%| E|CS|TAMS 0x00000000ee800000, 0x00000000ee800000| Complete 
| 233|0x00000000ee900000, 0x00000000eea00000, 0x00000000eea00000|100%| E|CS|TAMS 0x00000000ee900000, 0x00000000ee900000| Complete 
| 234|0x00000000eea00000, 0x00000000eeb00000, 0x00000000eeb00000|100%| E|CS|TAMS 0x00000000eea00000, 0x00000000eea00000| Complete 
| 235|0x00000000eeb00000, 0x00000000eec00000, 0x00000000eec00000|100%| E|CS|TAMS 0x00000000eeb00000, 0x00000000eeb00000| Complete 
| 236|0x00000000eec00000, 0x00000000eed00000, 0x00000000eed00000|100%| E|CS|TAMS 0x00000000eec00000, 0x00000000eec00000| Complete 
| 237|0x00000000eed00000, 0x00000000eee00000, 0x00000000eee00000|100%| E|CS|TAMS 0x00000000eed00000, 0x00000000eed00000| Complete 
| 238|0x00000000eee00000, 0x00000000eef00000, 0x00000000eef00000|100%| E|CS|TAMS 0x00000000eee00000, 0x00000000eee00000| Complete 
| 239|0x00000000eef00000, 0x00000000ef000000, 0x00000000ef000000|100%| E|CS|TAMS 0x00000000eef00000, 0x00000000eef00000| Complete 
| 240|0x00000000ef000000, 0x00000000ef100000, 0x00000000ef100000|100%| E|CS|TAMS 0x00000000ef000000, 0x00000000ef000000| Complete 
| 241|0x00000000ef100000, 0x00000000ef200000, 0x00000000ef200000|100%| E|CS|TAMS 0x00000000ef100000, 0x00000000ef100000| Complete 
| 242|0x00000000ef200000, 0x00000000ef300000, 0x00000000ef300000|100%| E|CS|TAMS 0x00000000ef200000, 0x00000000ef200000| Complete 
| 243|0x00000000ef300000, 0x00000000ef400000, 0x00000000ef400000|100%| E|CS|TAMS 0x00000000ef300000, 0x00000000ef300000| Complete 
| 244|0x00000000ef400000, 0x00000000ef500000, 0x00000000ef500000|100%| E|CS|TAMS 0x00000000ef400000, 0x00000000ef400000| Complete 
| 245|0x00000000ef500000, 0x00000000ef600000, 0x00000000ef600000|100%| E|CS|TAMS 0x00000000ef500000, 0x00000000ef500000| Complete 
| 246|0x00000000ef600000, 0x00000000ef700000, 0x00000000ef700000|100%| E|CS|TAMS 0x00000000ef600000, 0x00000000ef600000| Complete 
| 247|0x00000000ef700000, 0x00000000ef800000, 0x00000000ef800000|100%| E|CS|TAMS 0x00000000ef700000, 0x00000000ef700000| Complete 
| 248|0x00000000ef800000, 0x00000000ef900000, 0x00000000ef900000|100%| E|CS|TAMS 0x00000000ef800000, 0x00000000ef800000| Complete 
| 249|0x00000000ef900000, 0x00000000efa00000, 0x00000000efa00000|100%| E|CS|TAMS 0x00000000ef900000, 0x00000000ef900000| Complete 
| 250|0x00000000efa00000, 0x00000000efb00000, 0x00000000efb00000|100%| E|CS|TAMS 0x00000000efa00000, 0x00000000efa00000| Complete 
| 251|0x00000000efb00000, 0x00000000efc00000, 0x00000000efc00000|100%| E|CS|TAMS 0x00000000efb00000, 0x00000000efb00000| Complete 
| 252|0x00000000efc00000, 0x00000000efd00000, 0x00000000efd00000|100%| E|CS|TAMS 0x00000000efc00000, 0x00000000efc00000| Complete 
| 253|0x00000000efd00000, 0x00000000efe00000, 0x00000000efe00000|100%| E|CS|TAMS 0x00000000efd00000, 0x00000000efd00000| Complete 
| 254|0x00000000efe00000, 0x00000000eff00000, 0x00000000eff00000|100%| E|CS|TAMS 0x00000000efe00000, 0x00000000efe00000| Complete 
| 255|0x00000000eff00000, 0x00000000f0000000, 0x00000000f0000000|100%| E|CS|TAMS 0x00000000eff00000, 0x00000000eff00000| Complete 

Card table byte_map: [0x0000028623f20000,0x0000028624020000] _byte_map_base: 0x0000028623820000

Marking Bits (Prev, Next): (CMBitMap*) 0x000002860cf8af80, (CMBitMap*) 0x000002860cf8afc0
 Prev Bits: [0x0000028624120000, 0x0000028624920000)
 Next Bits: [0x0000028624920000, 0x0000028625120000)

Polling page: 0x000002860add0000

Metaspace:

Usage:
  Non-class:     74.50 MB used.
      Class:     11.47 MB used.
       Both:     85.97 MB used.

Virtual space:
  Non-class space:      128.00 MB reserved,      75.06 MB ( 59%) committed,  2 nodes.
      Class space:      320.00 MB reserved,      12.19 MB (  4%) committed,  1 nodes.
             Both:      448.00 MB reserved,      87.25 MB ( 19%) committed. 

Chunk freelists:
   Non-Class:  4.25 MB
       Class:  3.86 MB
        Both:  8.11 MB

MaxMetaspaceSize: 384.00 MB
CompressedClassSpaceSize: 320.00 MB
Initial GC threshold: 21.00 MB
Current GC threshold: 144.19 MB
CDS: on
MetaspaceReclaimPolicy: balanced
 - commit_granule_bytes: 65536.
 - commit_granule_words: 8192.
 - virtual_space_node_default_size: 8388608.
 - enlarge_chunks_in_place: 1.
 - new_chunks_are_fully_committed: 0.
 - uncommit_free_chunks: 1.
 - use_allocation_guard: 0.
 - handle_deallocations: 1.


Internal statistics:

num_allocs_failed_limit: 12.
num_arena_births: 2904.
num_arena_deaths: 734.
num_vsnodes_births: 3.
num_vsnodes_deaths: 0.
num_space_committed: 1396.
num_space_uncommitted: 0.
num_chunks_returned_to_freelist: 985.
num_chunks_taken_from_freelist: 7289.
num_chunk_merges: 358.
num_chunk_splits: 4111.
num_chunks_enlarged: 1961.
num_inconsistent_stats: 0.

CodeHeap 'non-profiled nmethods': size=120000Kb used=12253Kb max_used=12253Kb free=107746Kb
 bounds [0x000002861c5c0000, 0x000002861d1c0000, 0x0000028623af0000]
CodeHeap 'profiled nmethods': size=120000Kb used=32614Kb max_used=33111Kb free=87386Kb
 bounds [0x0000028614af0000, 0x0000028616b70000, 0x000002861c020000]
CodeHeap 'non-nmethods': size=5760Kb used=2426Kb max_used=2521Kb free=3333Kb
 bounds [0x000002861c020000, 0x000002861c2a0000, 0x000002861c5c0000]
 total_blobs=17532 nmethods=16564 adapters=879
 compilation: enabled
              stopped_count=0, restarted_count=0
 full_count=0

Compilation events (20 events):
Event: 4332.371 Thread 0x0000028627b5a6e0 19762       3       org.gradle.api.internal.provider.AbstractProperty$FinalizedValue::disallowChanges (1 bytes)
Event: 4332.371 Thread 0x0000028627b5a6e0 nmethod 19762 0x0000028615f17090 code [0x0000028615f17220, 0x0000028615f17338]
Event: 4332.372 Thread 0x0000028627b5a6e0 19763       1       org.gradle.internal.execution.impl.DefaultInputFingerprinter$InputFingerprints::getPropertiesRequiringIsEmptyCheck (5 bytes)
Event: 4332.372 Thread 0x0000028627b5a6e0 nmethod 19763 0x000002861d1b6f10 code [0x000002861d1b70a0, 0x000002861d1b7178]
Event: 4332.374 Thread 0x0000028627b5a6e0 19764       3       org.gradle.internal.execution.history.changes.DefaultExecutionStateChangeDetector::caching (20 bytes)
Event: 4332.375 Thread 0x0000028627b5a6e0 nmethod 19764 0x0000028615796a10 code [0x0000028615796c00, 0x00000286157972f8]
Event: 4332.375 Thread 0x0000028627b5a6e0 19765       3       org.gradle.internal.execution.history.changes.CachingChangeContainer::<init> (26 bytes)
Event: 4332.375 Thread 0x0000028627b5a6e0 nmethod 19765 0x0000028615cee190 code [0x0000028615cee360, 0x0000028615cee7d8]
Event: 4332.375 Thread 0x0000028627b5a6e0 19766       3       org.gradle.internal.execution.history.changes.ExecutionStateChanges::incremental (12 bytes)
Event: 4332.375 Thread 0x0000028627b5a6e0 nmethod 19766 0x0000028615796390 code [0x0000028615796540, 0x00000286157968b8]
Event: 4332.377 Thread 0x0000028627b5a6e0 19767       3       org.gradle.api.internal.tasks.properties.DefaultTaskProperties::validate (40 bytes)
Event: 4332.378 Thread 0x0000028627b5a6e0 nmethod 19767 0x0000028616344e90 code [0x0000028616345080, 0x0000028616345698]
Event: 4332.378 Thread 0x0000028627b5a6e0 19768       1       org.gradle.api.internal.tasks.execution.DefaultTaskExecutionContext::getValidationAction (5 bytes)
Event: 4332.378 Thread 0x0000028627b5a6e0 nmethod 19768 0x000002861d1b7210 code [0x000002861d1b73a0, 0x000002861d1b7478]
Event: 4332.378 Thread 0x0000028627b5a6e0 19769       3       org.gradle.api.internal.tasks.execution.TaskExecution::visitImplementations (71 bytes)
Event: 4332.379 Thread 0x0000028627b5a6e0 nmethod 19769 0x00000286157c5c10 code [0x00000286157c5e40, 0x00000286157c6888]
Event: 4332.379 Thread 0x0000028627b5a6e0 19770       3       org.gradle.api.internal.project.taskfactory.StandardTaskAction::getActionImplementation (27 bytes)
Event: 4332.381 Thread 0x0000028627b5a6e0 nmethod 19770 0x0000028615250e90 code [0x0000028615251140, 0x0000028615252038]
Event: 4332.381 Thread 0x0000028627b5a6e0 19771       3       org.gradle.internal.snapshot.impl.ImplementationSnapshot::of (11 bytes)
Event: 4332.381 Thread 0x0000028627b5a6e0 nmethod 19771 0x00000286157c5490 code [0x00000286157c5660, 0x00000286157c5958]

GC Heap History (20 events):
Event: 3302.936 GC heap before
{Heap before GC invocations=24 (full 0):
 garbage-first heap   total 262144K, used 219520K [0x00000000e0000000, 0x0000000100000000)
  region size 1024K, 119 young (121856K), 7 survivors (7168K)
 Metaspace       used 87140K, committed 88576K, reserved 458752K
  class space    used 11800K, committed 12480K, reserved 327680K
}
Event: 3302.975 GC heap after
{Heap after GC invocations=25 (full 0):
 garbage-first heap   total 262144K, used 100388K [0x00000000e0000000, 0x0000000100000000)
  region size 1024K, 2 young (2048K), 2 survivors (2048K)
 Metaspace       used 87140K, committed 88576K, reserved 458752K
  class space    used 11800K, committed 12480K, reserved 327680K
}
Event: 3607.880 GC heap before
{Heap before GC invocations=25 (full 0):
 garbage-first heap   total 262144K, used 156708K [0x00000000e0000000, 0x0000000100000000)
  region size 1024K, 58 young (59392K), 2 survivors (2048K)
 Metaspace       used 87144K, committed 88576K, reserved 458752K
  class space    used 11800K, committed 12480K, reserved 327680K
}
Event: 3608.311 GC heap after
{Heap after GC invocations=26 (full 1):
 garbage-first heap   total 262144K, used 76377K [0x00000000e0000000, 0x0000000100000000)
  region size 1024K, 0 young (0K), 0 survivors (0K)
 Metaspace       used 86118K, committed 88576K, reserved 458752K
  class space    used 11603K, committed 12480K, reserved 327680K
}
Event: 3780.504 GC heap before
{Heap before GC invocations=26 (full 1):
 garbage-first heap   total 262144K, used 220761K [0x00000000e0000000, 0x0000000100000000)
  region size 1024K, 141 young (144384K), 0 survivors (0K)
 Metaspace       used 86587K, committed 88576K, reserved 458752K
  class space    used 11664K, committed 12480K, reserved 327680K
}
Event: 3780.531 GC heap after
{Heap after GC invocations=27 (full 1):
 garbage-first heap   total 262144K, used 84479K [0x00000000e0000000, 0x0000000100000000)
  region size 1024K, 8 young (8192K), 8 survivors (8192K)
 Metaspace       used 86587K, committed 88576K, reserved 458752K
  class space    used 11664K, committed 12480K, reserved 327680K
}
Event: 3794.104 GC heap before
{Heap before GC invocations=27 (full 1):
 garbage-first heap   total 262144K, used 214527K [0x00000000e0000000, 0x0000000100000000)
  region size 1024K, 136 young (139264K), 8 survivors (8192K)
 Metaspace       used 87223K, committed 88640K, reserved 458752K
  class space    used 11724K, committed 12480K, reserved 327680K
}
Event: 3794.171 GC heap after
{Heap after GC invocations=28 (full 1):
 garbage-first heap   total 262144K, used 91344K [0x00000000e0000000, 0x0000000100000000)
  region size 1024K, 15 young (15360K), 15 survivors (15360K)
 Metaspace       used 87223K, committed 88640K, reserved 458752K
  class space    used 11724K, committed 12480K, reserved 327680K
}
Event: 3835.534 GC heap before
{Heap before GC invocations=28 (full 1):
 garbage-first heap   total 262144K, used 213200K [0x00000000e0000000, 0x0000000100000000)
  region size 1024K, 134 young (137216K), 15 survivors (15360K)
 Metaspace       used 87382K, committed 88768K, reserved 458752K
  class space    used 11733K, committed 12480K, reserved 327680K
}
Event: 3835.580 GC heap after
{Heap after GC invocations=29 (full 1):
 garbage-first heap   total 262144K, used 98007K [0x00000000e0000000, 0x0000000100000000)
  region size 1024K, 14 young (14336K), 14 survivors (14336K)
 Metaspace       used 87382K, committed 88768K, reserved 458752K
  class space    used 11733K, committed 12480K, reserved 327680K
}
Event: 3848.345 GC heap before
{Heap before GC invocations=29 (full 1):
 garbage-first heap   total 262144K, used 210647K [0x00000000e0000000, 0x0000000100000000)
  region size 1024K, 125 young (128000K), 14 survivors (14336K)
 Metaspace       used 87488K, committed 88832K, reserved 458752K
  class space    used 11734K, committed 12480K, reserved 327680K
}
Event: 3848.359 GC heap after
{Heap after GC invocations=30 (full 1):
 garbage-first heap   total 262144K, used 97897K [0x00000000e0000000, 0x0000000100000000)
  region size 1024K, 7 young (7168K), 7 survivors (7168K)
 Metaspace       used 87488K, committed 88832K, reserved 458752K
  class space    used 11734K, committed 12480K, reserved 327680K
}
Event: 4278.900 GC heap before
{Heap before GC invocations=30 (full 1):
 garbage-first heap   total 262144K, used 210537K [0x00000000e0000000, 0x0000000100000000)
  region size 1024K, 118 young (120832K), 7 survivors (7168K)
 Metaspace       used 87543K, committed 88960K, reserved 458752K
  class space    used 11735K, committed 12480K, reserved 327680K
}
Event: 4278.925 GC heap after
{Heap after GC invocations=31 (full 1):
 garbage-first heap   total 262144K, used 92468K [0x00000000e0000000, 0x0000000100000000)
  region size 1024K, 2 young (2048K), 2 survivors (2048K)
 Metaspace       used 87543K, committed 88960K, reserved 458752K
  class space    used 11735K, committed 12480K, reserved 327680K
}
Event: 4290.284 GC heap before
{Heap before GC invocations=31 (full 1):
 garbage-first heap   total 262144K, used 213300K [0x00000000e0000000, 0x0000000100000000)
  region size 1024K, 121 young (123904K), 2 survivors (2048K)
 Metaspace       used 87682K, committed 89088K, reserved 458752K
  class space    used 11737K, committed 12480K, reserved 327680K
}
Event: 4290.296 GC heap after
{Heap after GC invocations=32 (full 1):
 garbage-first heap   total 262144K, used 97861K [0x00000000e0000000, 0x0000000100000000)
  region size 1024K, 7 young (7168K), 7 survivors (7168K)
 Metaspace       used 87682K, committed 89088K, reserved 458752K
  class space    used 11737K, committed 12480K, reserved 327680K
}
Event: 4321.526 GC heap before
{Heap before GC invocations=32 (full 1):
 garbage-first heap   total 262144K, used 212549K [0x00000000e0000000, 0x0000000100000000)
  region size 1024K, 120 young (122880K), 7 survivors (7168K)
 Metaspace       used 87871K, committed 89280K, reserved 458752K
  class space    used 11748K, committed 12480K, reserved 327680K
}
Event: 4321.530 GC heap after
{Heap after GC invocations=33 (full 1):
 garbage-first heap   total 262144K, used 97004K [0x00000000e0000000, 0x0000000100000000)
  region size 1024K, 6 young (6144K), 6 survivors (6144K)
 Metaspace       used 87871K, committed 89280K, reserved 458752K
  class space    used 11748K, committed 12480K, reserved 327680K
}
Event: 4331.086 GC heap before
{Heap before GC invocations=33 (full 1):
 garbage-first heap   total 262144K, used 211692K [0x00000000e0000000, 0x0000000100000000)
  region size 1024K, 119 young (121856K), 6 survivors (6144K)
 Metaspace       used 88017K, committed 89344K, reserved 458752K
  class space    used 11749K, committed 12480K, reserved 327680K
}
Event: 4331.091 GC heap after
{Heap after GC invocations=34 (full 1):
 garbage-first heap   total 262144K, used 96859K [0x00000000e0000000, 0x0000000100000000)
  region size 1024K, 6 young (6144K), 6 survivors (6144K)
 Metaspace       used 88017K, committed 89344K, reserved 458752K
  class space    used 11749K, committed 12480K, reserved 327680K
}

Dll operation events (16 events):
Event: 0.007 Loaded shared library C:\Program Files\Zulu\zulu-17\bin\java.dll
Event: 0.014 Loaded shared library C:\Program Files\Zulu\zulu-17\bin\jsvml.dll
Event: 0.059 Loaded shared library C:\Program Files\Zulu\zulu-17\bin\zip.dll
Event: 0.062 Loaded shared library C:\Program Files\Zulu\zulu-17\bin\instrument.dll
Event: 0.066 Loaded shared library C:\Program Files\Zulu\zulu-17\bin\net.dll
Event: 0.067 Loaded shared library C:\Program Files\Zulu\zulu-17\bin\nio.dll
Event: 0.070 Loaded shared library C:\Program Files\Zulu\zulu-17\bin\zip.dll
Event: 0.199 Loaded shared library C:\Program Files\Zulu\zulu-17\bin\jimage.dll
Event: 0.246 Loaded shared library C:\Program Files\Zulu\zulu-17\bin\verify.dll
Event: 0.358 Loaded shared library C:\Users\ThinkAnything\.gradle\native\68d5fa5c4cc2d200863cafc0d521ce42e7d3e7ee720ec0a83991735586a16f82\windows-amd64\native-platform.dll
Event: 0.391 Loaded shared library C:\Users\ThinkAnything\.gradle\native\e376f236ea51e6404a007f0833ffe2c6e607c4080706a723a18a27aeea778392\windows-amd64\native-platform-file-events.dll
Event: 0.924 Loaded shared library C:\Program Files\Zulu\zulu-17\bin\management.dll
Event: 0.930 Loaded shared library C:\Program Files\Zulu\zulu-17\bin\management_ext.dll
Event: 1.288 Loaded shared library C:\Program Files\Zulu\zulu-17\bin\sunmscapi.dll
Event: 22.273 Loaded shared library C:\Users\ThinkAnything\AppData\Local\Temp\native-platform7550983694360434328dir\native-platform.dll
Event: 23.521 Loaded shared library C:\Program Files\Zulu\zulu-17\bin\rmi.dll

Deoptimization events (20 events):
Event: 4293.447 Thread 0x0000028630c58f90 DEOPT PACKING pc=0x000002861d033ddc sp=0x000000e8566fd9f0
Event: 4293.447 Thread 0x0000028630c58f90 DEOPT UNPACKING pc=0x000002861c0769a3 sp=0x000000e8566fd978 mode 2
Event: 4293.450 Thread 0x0000028630c58f90 Uncommon trap: trap_request=0xffffffbe fr.pc=0x000002861d033ddc relative=0x000000000000005c
Event: 4293.450 Thread 0x0000028630c58f90 Uncommon trap: reason=profile_predicate action=maybe_recompile pc=0x000002861d033ddc method=jdk.nio.zipfs.ZipPath.getResolved()[B @ 8 c2
Event: 4293.450 Thread 0x0000028630c58f90 DEOPT PACKING pc=0x000002861d033ddc sp=0x000000e8566fd9f0
Event: 4293.450 Thread 0x0000028630c58f90 DEOPT UNPACKING pc=0x000002861c0769a3 sp=0x000000e8566fd978 mode 2
Event: 4293.451 Thread 0x0000028630c58f90 Uncommon trap: trap_request=0xffffffbe fr.pc=0x000002861d033ddc relative=0x000000000000005c
Event: 4293.451 Thread 0x0000028630c58f90 Uncommon trap: reason=profile_predicate action=maybe_recompile pc=0x000002861d033ddc method=jdk.nio.zipfs.ZipPath.getResolved()[B @ 8 c2
Event: 4293.451 Thread 0x0000028630c58f90 DEOPT PACKING pc=0x000002861d033ddc sp=0x000000e8566fd9f0
Event: 4293.451 Thread 0x0000028630c58f90 DEOPT UNPACKING pc=0x000002861c0769a3 sp=0x000000e8566fd978 mode 2
Event: 4317.436 Thread 0x000002862d8ea120 Uncommon trap: trap_request=0xffffff45 fr.pc=0x000002861d1303bc relative=0x00000000000013fc
Event: 4317.436 Thread 0x000002862d8ea120 Uncommon trap: reason=unstable_if action=reinterpret pc=0x000002861d1303bc method=java.util.concurrent.ConcurrentHashMap.putVal(Ljava/lang/Object;Ljava/lang/Object;Z)Ljava/lang/Object; @ 197 c2
Event: 4317.436 Thread 0x000002862d8ea120 DEOPT PACKING pc=0x000002861d1303bc sp=0x000000e8524fea50
Event: 4317.436 Thread 0x000002862d8ea120 DEOPT UNPACKING pc=0x000002861c0769a3 sp=0x000000e8524fe9d0 mode 2
Event: 4317.526 Thread 0x000002862d8e7db0 DEOPT PACKING pc=0x0000028616473ed1 sp=0x000000e852afbad0
Event: 4317.526 Thread 0x000002862d8e7db0 DEOPT UNPACKING pc=0x000002861c077143 sp=0x000000e852afaf30 mode 0
Event: 4325.135 Thread 0x0000028630c5b300 Uncommon trap: trap_request=0xffffff45 fr.pc=0x000002861d17f37c relative=0x000000000000007c
Event: 4325.135 Thread 0x0000028630c5b300 Uncommon trap: reason=unstable_if action=reinterpret pc=0x000002861d17f37c method=org.gradle.internal.fingerprint.impl.DefaultFileSystemLocationFingerprint.hashForType(Lorg/gradle/internal/file/FileType;Lorg/gradle/internal/hash/HashCode;)Lorg/gradle/inte
Event: 4325.135 Thread 0x0000028630c5b300 DEOPT PACKING pc=0x000002861d17f37c sp=0x000000e852cfcc00
Event: 4325.135 Thread 0x0000028630c5b300 DEOPT UNPACKING pc=0x000002861c0769a3 sp=0x000000e852cfcb90 mode 2

Classes unloaded (20 events):
Event: 3607.993 Thread 0x0000028627b2ae90 Unloading class 0x00000008011d0400 'java/lang/invoke/LambdaForm$BMH+0x00000008011d0400'
Event: 3607.994 Thread 0x0000028627b2ae90 Unloading class 0x0000000801102400 'java/lang/invoke/LambdaForm$DMH+0x0000000801102400'
Event: 3607.994 Thread 0x0000028627b2ae90 Unloading class 0x0000000801101c00 'java/lang/invoke/LambdaForm$DMH+0x0000000801101c00'
Event: 3607.994 Thread 0x0000028627b2ae90 Unloading class 0x0000000801101800 'java/lang/invoke/LambdaForm$MH+0x0000000801101800'
Event: 3607.994 Thread 0x0000028627b2ae90 Unloading class 0x0000000801101400 'java/lang/invoke/LambdaForm$MH+0x0000000801101400'
Event: 3607.994 Thread 0x0000028627b2ae90 Unloading class 0x0000000801101000 'java/lang/invoke/LambdaForm$MH+0x0000000801101000'
Event: 3607.994 Thread 0x0000028627b2ae90 Unloading class 0x0000000801100c00 'java/lang/invoke/LambdaForm$MH+0x0000000801100c00'
Event: 3607.994 Thread 0x0000028627b2ae90 Unloading class 0x0000000801100800 'java/lang/invoke/LambdaForm$MH+0x0000000801100800'
Event: 3607.994 Thread 0x0000028627b2ae90 Unloading class 0x0000000801100400 'java/lang/invoke/LambdaForm$MH+0x0000000801100400'
Event: 3607.994 Thread 0x0000028627b2ae90 Unloading class 0x0000000801100000 'java/lang/invoke/LambdaForm$MH+0x0000000801100000'
Event: 3607.994 Thread 0x0000028627b2ae90 Unloading class 0x00000008010ca800 'java/lang/invoke/LambdaForm$MH+0x00000008010ca800'
Event: 3607.994 Thread 0x0000028627b2ae90 Unloading class 0x00000008010ca000 'java/lang/invoke/LambdaForm$MH+0x00000008010ca000'
Event: 3607.994 Thread 0x0000028627b2ae90 Unloading class 0x00000008010c9c00 'java/lang/invoke/LambdaForm$MH+0x00000008010c9c00'
Event: 3607.994 Thread 0x0000028627b2ae90 Unloading class 0x00000008010c9800 'java/lang/invoke/LambdaForm$MH+0x00000008010c9800'
Event: 3607.994 Thread 0x0000028627b2ae90 Unloading class 0x00000008010c9400 'java/lang/invoke/LambdaForm$MH+0x00000008010c9400'
Event: 3607.994 Thread 0x0000028627b2ae90 Unloading class 0x00000008010c8c00 'java/lang/invoke/LambdaForm$MH+0x00000008010c8c00'
Event: 3607.994 Thread 0x0000028627b2ae90 Unloading class 0x000000080102ac00 'java/lang/invoke/LambdaForm$MH+0x000000080102ac00'
Event: 3607.994 Thread 0x0000028627b2ae90 Unloading class 0x000000080102a800 'java/lang/invoke/LambdaForm$MH+0x000000080102a800'
Event: 3607.994 Thread 0x0000028627b2ae90 Unloading class 0x000000080102a000 'java/lang/invoke/LambdaForm$MH+0x000000080102a000'
Event: 3607.995 Thread 0x0000028627b2ae90 Unloading class 0x0000000801028400 'java/lang/invoke/LambdaForm$MH+0x0000000801028400'

Classes redefined (0 events):
No events

Internal exceptions (20 events):
Event: 4328.430 Thread 0x000002863187cfd0 Exception <a 'sun/nio/fs/WindowsException'{0x00000000eb1f36a8}> (0x00000000eb1f36a8) 
thrown [s\src\hotspot\share\prims\jni.cpp, line 516]
Event: 4328.674 Thread 0x0000028632a63510 Exception <a 'sun/nio/fs/WindowsException'{0x00000000ea8b7628}> (0x00000000ea8b7628) 
thrown [s\src\hotspot\share\prims\jni.cpp, line 516]
Event: 4328.674 Thread 0x0000028632a63510 Exception <a 'sun/nio/fs/WindowsException'{0x00000000ea8b77f0}> (0x00000000ea8b77f0) 
thrown [s\src\hotspot\share\prims\jni.cpp, line 516]
Event: 4328.674 Thread 0x0000028632a63510 Exception <a 'sun/nio/fs/WindowsException'{0x00000000ea8b9f50}> (0x00000000ea8b9f50) 
thrown [s\src\hotspot\share\prims\jni.cpp, line 516]
Event: 4328.770 Thread 0x0000028632a63510 Exception <a 'sun/nio/fs/WindowsException'{0x00000000ea8c21a8}> (0x00000000ea8c21a8) 
thrown [s\src\hotspot\share\prims\jni.cpp, line 516]
Event: 4328.773 Thread 0x0000028632a63510 Exception <a 'sun/nio/fs/WindowsException'{0x00000000ea8eb3d0}> (0x00000000ea8eb3d0) 
thrown [s\src\hotspot\share\prims\jni.cpp, line 516]
Event: 4328.773 Thread 0x0000028632a63510 Exception <a 'sun/nio/fs/WindowsException'{0x00000000ea8eb550}> (0x00000000ea8eb550) 
thrown [s\src\hotspot\share\prims\jni.cpp, line 516]
Event: 4328.779 Thread 0x0000028632a63510 Exception <a 'sun/nio/fs/WindowsException'{0x00000000ea764078}> (0x00000000ea764078) 
thrown [s\src\hotspot\share\prims\jni.cpp, line 516]
Event: 4328.779 Thread 0x0000028632a63510 Exception <a 'sun/nio/fs/WindowsException'{0x00000000ea764240}> (0x00000000ea764240) 
thrown [s\src\hotspot\share\prims\jni.cpp, line 516]
Event: 4328.779 Thread 0x0000028632a63510 Exception <a 'sun/nio/fs/WindowsException'{0x00000000ea7669a0}> (0x00000000ea7669a0) 
thrown [s\src\hotspot\share\prims\jni.cpp, line 516]
Event: 4332.010 Thread 0x0000028632a63510 Exception <a 'sun/nio/fs/WindowsException'{0x00000000ee00cbf0}> (0x00000000ee00cbf0) 
thrown [s\src\hotspot\share\prims\jni.cpp, line 516]
Event: 4332.370 Thread 0x000002863187d4e0 Exception <a 'sun/nio/fs/WindowsException'{0x00000000ecf77c00}> (0x00000000ecf77c00) 
thrown [s\src\hotspot\share\prims\jni.cpp, line 516]
Event: 4332.370 Thread 0x000002863187d4e0 Exception <a 'sun/nio/fs/WindowsException'{0x00000000ecf797d0}> (0x00000000ecf797d0) 
thrown [s\src\hotspot\share\prims\jni.cpp, line 516]
Event: 4332.371 Thread 0x000002863187d4e0 Exception <a 'sun/nio/fs/WindowsException'{0x00000000ecf7b0b0}> (0x00000000ecf7b0b0) 
thrown [s\src\hotspot\share\prims\jni.cpp, line 516]
Event: 4332.371 Thread 0x000002863187d4e0 Exception <a 'sun/nio/fs/WindowsException'{0x00000000ecf7c718}> (0x00000000ecf7c718) 
thrown [s\src\hotspot\share\prims\jni.cpp, line 516]
Event: 4332.389 Thread 0x000002863187d4e0 Exception <a 'sun/nio/fs/WindowsException'{0x00000000ecff64d8}> (0x00000000ecff64d8) 
thrown [s\src\hotspot\share\prims\jni.cpp, line 516]
Event: 4332.389 Thread 0x000002863187d4e0 Exception <a 'sun/nio/fs/WindowsException'{0x00000000ecff6670}> (0x00000000ecff6670) 
thrown [s\src\hotspot\share\prims\jni.cpp, line 516]
Event: 4332.390 Thread 0x000002863187d4e0 Exception <a 'sun/nio/fs/WindowsException'{0x00000000ecff83e0}> (0x00000000ecff83e0) 
thrown [s\src\hotspot\share\prims\jni.cpp, line 516]
Event: 4332.390 Thread 0x000002863187d4e0 Exception <a 'sun/nio/fs/WindowsException'{0x00000000ecff9388}> (0x00000000ecff9388) 
thrown [s\src\hotspot\share\prims\jni.cpp, line 516]
Event: 4332.391 Thread 0x000002863187d4e0 Exception <a 'sun/nio/fs/WindowsException'{0x00000000ecffd2c0}> (0x00000000ecffd2c0) 
thrown [s\src\hotspot\share\prims\jni.cpp, line 516]

VM Operations (20 events):
Event: 4318.311 Executing VM operation: Cleanup
Event: 4318.311 Executing VM operation: Cleanup done
Event: 4319.312 Executing VM operation: Cleanup
Event: 4319.312 Executing VM operation: Cleanup done
Event: 4321.526 Executing VM operation: G1CollectForAllocation
Event: 4321.530 Executing VM operation: G1CollectForAllocation done
Event: 4322.531 Executing VM operation: Cleanup
Event: 4322.531 Executing VM operation: Cleanup done
Event: 4323.544 Executing VM operation: Cleanup
Event: 4323.544 Executing VM operation: Cleanup done
Event: 4325.546 Executing VM operation: Cleanup
Event: 4325.546 Executing VM operation: Cleanup done
Event: 4328.546 Executing VM operation: Cleanup
Event: 4328.549 Executing VM operation: Cleanup done
Event: 4329.549 Executing VM operation: Cleanup
Event: 4329.549 Executing VM operation: Cleanup done
Event: 4330.550 Executing VM operation: Cleanup
Event: 4330.550 Executing VM operation: Cleanup done
Event: 4331.086 Executing VM operation: G1CollectForAllocation
Event: 4331.091 Executing VM operation: G1CollectForAllocation done

Events (20 events):
Event: 4332.264 Thread 0x0000028627f52d50 Thread added: 0x0000028627f52d50
Event: 4332.337 Thread 0x0000028627f53c80 Thread added: 0x0000028627f53c80
Event: 4332.338 Thread 0x0000028627f54190 Thread added: 0x0000028627f54190
Event: 4332.338 Thread 0x000002862c153980 Thread added: 0x000002862c153980
Event: 4332.338 Thread 0x0000028632baf900 Thread added: 0x0000028632baf900
Event: 4332.338 Thread 0x0000028632bb0320 Thread added: 0x0000028632bb0320
Event: 4332.338 Thread 0x0000028632baeee0 Thread added: 0x0000028632baeee0
Event: 4332.338 Thread 0x0000028632bae4c0 Thread added: 0x0000028632bae4c0
Event: 4332.359 Thread 0x0000028632bafe10 Thread added: 0x0000028632bafe10
Event: 4332.359 Thread 0x0000028632baf3f0 Thread added: 0x0000028632baf3f0
Event: 4332.359 Thread 0x0000028632bad080 Thread added: 0x0000028632bad080
Event: 4332.359 Thread 0x0000028632bb0830 Thread added: 0x0000028632bb0830
Event: 4332.359 Thread 0x0000028632bad590 Thread added: 0x0000028632bad590
Event: 4332.359 Thread 0x0000028632bae9d0 Thread added: 0x0000028632bae9d0
Event: 4332.365 Thread 0x0000028632badaa0 Thread added: 0x0000028632badaa0
Event: 4332.365 Thread 0x0000028632a64950 Thread added: 0x0000028632a64950
Event: 4332.365 Thread 0x0000028632a65370 Thread added: 0x0000028632a65370
Event: 4332.365 Thread 0x0000028632a63a20 Thread added: 0x0000028632a63a20
Event: 4332.395 Thread 0x0000028632a65d90 Thread added: 0x0000028632a65d90
Event: 4332.395 Thread 0x0000028632a64440 Thread added: 0x0000028632a64440


Dynamic libraries:
0x00007ff7c4880000 - 0x00007ff7c488e000 	C:\Program Files\Zulu\zulu-17\bin\java.exe
0x00007ff8d97d0000 - 0x00007ff8d99c8000 	C:\Windows\SYSTEM32\ntdll.dll
0x00007ff8d96d0000 - 0x00007ff8d978f000 	C:\Windows\System32\KERNEL32.DLL
0x00007ff8d7480000 - 0x00007ff8d7776000 	C:\Windows\System32\KERNELBASE.dll
0x00007ff8d7060000 - 0x00007ff8d7160000 	C:\Windows\System32\ucrtbase.dll
0x00007ff8b43d0000 - 0x00007ff8b43eb000 	C:\Program Files\Zulu\zulu-17\bin\VCRUNTIME140.dll
0x00007ff8b43b0000 - 0x00007ff8b43c9000 	C:\Program Files\Zulu\zulu-17\bin\jli.dll
0x00007ff8d9030000 - 0x00007ff8d91cd000 	C:\Windows\System32\USER32.dll
0x00007ff8d7160000 - 0x00007ff8d7182000 	C:\Windows\System32\win32u.dll
0x00007ff8c2220000 - 0x00007ff8c24ba000 	C:\Windows\WinSxS\amd64_microsoft.windows.common-controls_6595b64144ccf1df_6.0.19041.1110_none_60b5254171f9507e\COMCTL32.dll
0x00007ff8d8100000 - 0x00007ff8d812c000 	C:\Windows\System32\GDI32.dll
0x00007ff8d8550000 - 0x00007ff8d85ee000 	C:\Windows\System32\msvcrt.dll
0x00007ff8d7360000 - 0x00007ff8d7475000 	C:\Windows\System32\gdi32full.dll
0x00007ff8d72c0000 - 0x00007ff8d735d000 	C:\Windows\System32\msvcp_win.dll
0x00007ff8d95d0000 - 0x00007ff8d9600000 	C:\Windows\System32\IMM32.DLL
0x00007ff8b43a0000 - 0x00007ff8b43ac000 	C:\Program Files\Zulu\zulu-17\bin\vcruntime140_1.dll
0x00007ff8b4310000 - 0x00007ff8b439d000 	C:\Program Files\Zulu\zulu-17\bin\msvcp140.dll
0x00007ff88db80000 - 0x00007ff88e7e5000 	C:\Program Files\Zulu\zulu-17\bin\server\jvm.dll
0x00007ff8d7ec0000 - 0x00007ff8d7f6f000 	C:\Windows\System32\ADVAPI32.dll
0x00007ff8d8ea0000 - 0x00007ff8d8f3c000 	C:\Windows\System32\sechost.dll
0x00007ff8d94a0000 - 0x00007ff8d95c6000 	C:\Windows\System32\RPCRT4.dll
0x00007ff8b1380000 - 0x00007ff8b1389000 	C:\Windows\SYSTEM32\WSOCK32.dll
0x00007ff8cf520000 - 0x00007ff8cf547000 	C:\Windows\SYSTEM32\WINMM.dll
0x00007ff8d0f40000 - 0x00007ff8d0f4a000 	C:\Windows\SYSTEM32\VERSION.dll
0x00007ff8d9380000 - 0x00007ff8d93eb000 	C:\Windows\System32\WS2_32.dll
0x00007ff8d4d70000 - 0x00007ff8d4d82000 	C:\Windows\SYSTEM32\kernel.appcore.dll
0x00007ff8b4300000 - 0x00007ff8b430a000 	C:\Program Files\Zulu\zulu-17\bin\jimage.dll
0x00007ff8c7790000 - 0x00007ff8c7974000 	C:\Windows\SYSTEM32\DBGHELP.DLL
0x00007ff8b2d50000 - 0x00007ff8b2d84000 	C:\Windows\SYSTEM32\dbgcore.DLL
0x00007ff8d71c0000 - 0x00007ff8d7242000 	C:\Windows\System32\bcryptPrimitives.dll
0x00007ff8b42f0000 - 0x00007ff8b42fe000 	C:\Program Files\Zulu\zulu-17\bin\instrument.dll
0x00007ff8b42c0000 - 0x00007ff8b42e5000 	C:\Program Files\Zulu\zulu-17\bin\java.dll
0x00007ff8a7c00000 - 0x00007ff8a7cd7000 	C:\Program Files\Zulu\zulu-17\bin\jsvml.dll
0x00007ff8d8600000 - 0x00007ff8d8d44000 	C:\Windows\System32\SHELL32.dll
0x00007ff8d4f70000 - 0x00007ff8d5703000 	C:\Windows\SYSTEM32\windows.storage.dll
0x00007ff8d81f0000 - 0x00007ff8d8544000 	C:\Windows\System32\combase.dll
0x00007ff8d68f0000 - 0x00007ff8d691e000 	C:\Windows\SYSTEM32\Wldp.dll
0x00007ff8d8df0000 - 0x00007ff8d8e9d000 	C:\Windows\System32\SHCORE.dll
0x00007ff8d7f70000 - 0x00007ff8d7fc5000 	C:\Windows\System32\shlwapi.dll
0x00007ff8d6de0000 - 0x00007ff8d6e05000 	C:\Windows\SYSTEM32\profapi.dll
0x00007ff8b42a0000 - 0x00007ff8b42b8000 	C:\Program Files\Zulu\zulu-17\bin\zip.dll
0x00007ff8b4280000 - 0x00007ff8b4299000 	C:\Program Files\Zulu\zulu-17\bin\net.dll
0x00007ff8d0da0000 - 0x00007ff8d0eaa000 	C:\Windows\SYSTEM32\WINHTTP.dll
0x00007ff8d6650000 - 0x00007ff8d66ba000 	C:\Windows\system32\mswsock.dll
0x00007ff8b1310000 - 0x00007ff8b1326000 	C:\Program Files\Zulu\zulu-17\bin\nio.dll
0x00007ff8b4270000 - 0x00007ff8b4280000 	C:\Program Files\Zulu\zulu-17\bin\verify.dll
0x00007ff8b47e0000 - 0x00007ff8b4807000 	C:\Users\ThinkAnything\.gradle\native\68d5fa5c4cc2d200863cafc0d521ce42e7d3e7ee720ec0a83991735586a16f82\windows-amd64\native-platform.dll
0x00007ff8a7ab0000 - 0x00007ff8a7bf4000 	C:\Users\ThinkAnything\.gradle\native\e376f236ea51e6404a007f0833ffe2c6e607c4080706a723a18a27aeea778392\windows-amd64\native-platform-file-events.dll
0x00007ff8a8d80000 - 0x00007ff8a8d89000 	C:\Program Files\Zulu\zulu-17\bin\management.dll
0x00007ff8a7aa0000 - 0x00007ff8a7aab000 	C:\Program Files\Zulu\zulu-17\bin\management_ext.dll
0x00007ff8d8f40000 - 0x00007ff8d8f48000 	C:\Windows\System32\PSAPI.DLL
0x00007ff8d6840000 - 0x00007ff8d6858000 	C:\Windows\SYSTEM32\CRYPTSP.dll
0x00007ff8d5ef0000 - 0x00007ff8d5f24000 	C:\Windows\system32\rsaenh.dll
0x00007ff8d7190000 - 0x00007ff8d71b7000 	C:\Windows\System32\bcrypt.dll
0x00007ff8d6da0000 - 0x00007ff8d6dce000 	C:\Windows\SYSTEM32\USERENV.dll
0x00007ff8d6860000 - 0x00007ff8d686c000 	C:\Windows\SYSTEM32\CRYPTBASE.dll
0x00007ff8d62f0000 - 0x00007ff8d632b000 	C:\Windows\SYSTEM32\IPHLPAPI.DLL
0x00007ff8d85f0000 - 0x00007ff8d85f8000 	C:\Windows\System32\NSI.dll
0x00007ff8d15c0000 - 0x00007ff8d15d7000 	C:\Windows\SYSTEM32\dhcpcsvc6.DLL
0x00007ff8d15a0000 - 0x00007ff8d15bd000 	C:\Windows\SYSTEM32\dhcpcsvc.DLL
0x00007ff8d6340000 - 0x00007ff8d640a000 	C:\Windows\SYSTEM32\DNSAPI.dll
0x00007ff8a7a90000 - 0x00007ff8a7a9e000 	C:\Program Files\Zulu\zulu-17\bin\sunmscapi.dll
0x00007ff8d6f00000 - 0x00007ff8d705e000 	C:\Windows\System32\CRYPT32.dll
0x00007ff8d6960000 - 0x00007ff8d6988000 	C:\Windows\SYSTEM32\ncrypt.dll
0x00007ff8d6920000 - 0x00007ff8d695b000 	C:\Windows\SYSTEM32\NTASN1.dll
0x00007ff89be90000 - 0x00007ff89be97000 	C:\Windows\system32\wshunix.dll
0x00007ff8b7c30000 - 0x00007ff8b7c47000 	C:\Windows\system32\napinsp.dll
0x00007ff8b7430000 - 0x00007ff8b744b000 	C:\Windows\system32\pnrpnsp.dll
0x00007ff8af930000 - 0x00007ff8af945000 	C:\Windows\system32\wshbth.dll
0x00007ff8d2890000 - 0x00007ff8d28ad000 	C:\Windows\system32\NLAapi.dll
0x00007ff8b7410000 - 0x00007ff8b7422000 	C:\Windows\System32\winrnr.dll
0x00007ff8d0ba0000 - 0x00007ff8d0baa000 	C:\Windows\System32\rasadhlp.dll
0x00007ff8cf870000 - 0x00007ff8cf8f2000 	C:\Windows\System32\fwpuclnt.dll
0x00007ff8a7a60000 - 0x00007ff8a7a7e000 	C:\Users\ThinkAnything\AppData\Local\Temp\native-platform7550983694360434328dir\native-platform.dll
0x00007ff8a7a50000 - 0x00007ff8a7a57000 	C:\Program Files\Zulu\zulu-17\bin\rmi.dll

dbghelp: loaded successfully - version: 4.0.5 - missing functions: none
symbol engine: initialized successfully - sym options: 0x614 - pdb path: .;C:\Program Files\Zulu\zulu-17\bin;C:\Windows\SYSTEM32;C:\Windows\WinSxS\amd64_microsoft.windows.common-controls_6595b64144ccf1df_6.0.19041.1110_none_60b5254171f9507e;C:\Program Files\Zulu\zulu-17\bin\server;C:\Users\ThinkAnything\.gradle\native\68d5fa5c4cc2d200863cafc0d521ce42e7d3e7ee720ec0a83991735586a16f82\windows-amd64;C:\Users\ThinkAnything\.gradle\native\e376f236ea51e6404a007f0833ffe2c6e607c4080706a723a18a27aeea778392\windows-amd64;C:\Users\ThinkAnything\AppData\Local\Temp\native-platform7550983694360434328dir

VM Arguments:
jvm_args: --add-opens=java.base/java.util=ALL-UNNAMED --add-opens=java.base/java.lang=ALL-UNNAMED --add-opens=java.base/java.lang.invoke=ALL-UNNAMED --add-opens=java.prefs/java.util.prefs=ALL-UNNAMED --add-opens=java.base/java.nio.charset=ALL-UNNAMED --add-opens=java.base/java.net=ALL-UNNAMED --add-opens=java.base/java.util.concurrent.atomic=ALL-UNNAMED -XX:MaxMetaspaceSize=384m -XX:+HeapDumpOnOutOfMemoryError -Xms256m -Xmx512m -Dfile.encoding=x-windows-949 -Duser.country=KR -Duser.language=ko -Duser.variant -javaagent:C:\Users\ThinkAnything\.gradle\wrapper\dists\gradle-8.1.1-bin\9wiye5v2saajue4irfo8ybqfp\gradle-8.1.1\lib\agents\gradle-instrumentation-agent-8.1.1.jar 
java_command: org.gradle.launcher.daemon.bootstrap.GradleDaemon 8.1.1
java_class_path (initial): C:\Users\ThinkAnything\.gradle\wrapper\dists\gradle-8.1.1-bin\9wiye5v2saajue4irfo8ybqfp\gradle-8.1.1\lib\gradle-launcher-8.1.1.jar
Launcher Type: SUN_STANDARD

[Global flags]
     intx CICompilerCount                          = 4                                         {product} {ergonomic}
   size_t CompressedClassSpaceSize                 = 335544320                                 {product} {ergonomic}
     uint ConcGCThreads                            = 2                                         {product} {ergonomic}
     uint G1ConcRefinementThreads                  = 8                                         {product} {ergonomic}
   size_t G1HeapRegionSize                         = 1048576                                   {product} {ergonomic}
    uintx GCDrainStackTargetSize                   = 64                                        {product} {ergonomic}
     bool HeapDumpOnOutOfMemoryError               = true                                   {manageable} {command line}
   size_t InitialHeapSize                          = 268435456                                 {product} {command line}
   size_t MarkStackSize                            = 4194304                                   {product} {ergonomic}
   size_t MaxHeapSize                              = 536870912                                 {product} {command line}
   size_t MaxMetaspaceSize                         = 402653184                                 {product} {command line}
   size_t MaxNewSize                               = 321912832                                 {product} {ergonomic}
   size_t MinHeapDeltaBytes                        = 1048576                                   {product} {ergonomic}
   size_t MinHeapSize                              = 268435456                                 {product} {command line}
    uintx NonNMethodCodeHeapSize                   = 5839372                                {pd product} {ergonomic}
    uintx NonProfiledCodeHeapSize                  = 122909434                              {pd product} {ergonomic}
    uintx ProfiledCodeHeapSize                     = 122909434                              {pd product} {ergonomic}
    uintx ReservedCodeCacheSize                    = 251658240                              {pd product} {ergonomic}
     bool SegmentedCodeCache                       = true                                      {product} {ergonomic}
   size_t SoftMaxHeapSize                          = 536870912                              {manageable} {ergonomic}
     bool UseCompressedClassPointers               = true                           {product lp64_product} {ergonomic}
     bool UseCompressedOops                        = true                           {product lp64_product} {ergonomic}
     bool UseG1GC                                  = true                                      {product} {ergonomic}
     bool UseLargePagesIndividualAllocation        = false                                  {pd product} {ergonomic}

Logging:
Log output configuration:
 #0: stdout all=warning uptime,level,tags
 #1: stderr all=off uptime,level,tags

Environment Variables:
PATH=C:\Program Files (x86)\VMware\VMware Player\bin\;C:\Program Files\Zulu\zulu-17\bin\;C:\Program Files (x86)\Common Files\Intel\Shared Libraries\redist\intel64\compiler;C:\Windows\system32;C:\Windows;C:\Windows\System32\Wbem;C:\Windows\System32\WindowsPowerShell\v1.0\;C:\Windows\System32\OpenSSH\;C:\ProgramData\chocolatey\bin;C:\Program Files\Git\cmd;C:\Users\ThinkAnything\AppData\Local\Microsoft\WindowsApps;C:\Program Files\Bandizip\;C:\Users\ThinkAnything\AppData\Local\GitHubDesktop\bin;C:\Users\ThinkAnything\AppData\Local\Programs\Microsoft VS Code\bin
USERNAME=ThinkAnything
OS=Windows_NT
PROCESSOR_IDENTIFIER=Intel64 Family 6 Model 165 Stepping 3, GenuineIntel
TMP=C:\Users\THINKA~1\AppData\Local\Temp
TEMP=C:\Users\THINKA~1\AppData\Local\Temp



---------------  S Y S T E M  ---------------

OS:
 Windows 10 , 64 bit Build 19041 (10.0.19041.3155)
OS uptime: 0 days 1:14 hours

CPU: total 8 (initial active 8) (4 cores per cpu, 2 threads per core) family 6 model 165 stepping 3 microcode 0xcc, cx8, cmov, fxsr, ht, mmx, 3dnowpref, sse, sse2, sse3, ssse3, sse4.1, sse4.2, popcnt, lzcnt, tsc, tscinvbit, avx, avx2, aes, erms, clmul, bmi1, bmi2, adx, fma, vzeroupper, clflush, clflushopt

Memory: 4k page, system-wide physical 8008M (416M free)
TotalPageFile size 16200M (AvailPageFile size 205M)
current process WorkingSet (physical memory assigned to process): 346M, peak: 486M
current process commit charge ("private bytes"): 565M, peak: 587M

vm_info: OpenJDK 64-Bit Server VM (17.0.7+7-LTS) for windows-amd64 JRE (17.0.7+7-LTS) (Zulu17.42+19-CA), built on Apr 10 2023 13:02:30 by "zulu_re" with MS VC++ 16.10 / 16.11 (VS2019)

END.
